<?xml version='1.0' encoding='UTF-8'?>
<testsuites name="results">
  <testsuite name="all" package="all" tests="0">
    <property name="random_seed" value="1572455667" />
    <testcase classname="galois_multiplication_test" name="run_test_001" ratio_time="213653162892473.66" sim_time_ns="1001000000000.0" time="0.004685163497924805" />
    <testcase classname="galois_multiplication_test" name="run_test_002" ratio_time="1045963703039362.2" sim_time_ns="1001000000000.0" time="0.0009570121765136719" />
    <testcase classname="galois_multiplication_test" name="run_test_003" ratio_time="1097646615424836.6" sim_time_ns="1001000000000.0" time="0.0009119510650634766" />
    <testcase classname="galois_multiplication_test" name="run_test_004" ratio_time="1262326609741431.2" sim_time_ns="1001000000000.0" time="0.0007929801940917969" />
    <testcase classname="galois_multiplication_test" name="run_test_005" ratio_time="1197176590818363.2" sim_time_ns="1001000000000.0" time="0.0008361339569091797" />
    <testcase classname="galois_multiplication_test" name="run_test_006" ratio_time="1194451864580369.8" sim_time_ns="1001000000000.0" time="0.0008380413055419922" />
    <testcase classname="galois_multiplication_test" name="run_test_007" ratio_time="1122293051055867.4" sim_time_ns="1001000000000.0" time="0.0008919239044189453" />
    <testcase classname="galois_multiplication_test" name="run_test_008" ratio_time="1137496153887835.2" sim_time_ns="1001000000000.0" time="0.0008800029754638672" />
    <testcase classname="galois_multiplication_test" name="run_test_009" ratio_time="1291448263303599.0" sim_time_ns="1001000000000.0" time="0.0007750988006591797" />
    <testcase classname="galois_multiplication_test" name="run_test_010" ratio_time="1283159628361858.2" sim_time_ns="1001000000000.0" time="0.0007801055908203125" />
    <testcase classname="galois_multiplication_test" name="run_test_011" ratio_time="1180348131571549.0" sim_time_ns="1001000000000.0" time="0.0008480548858642578" />
    <testcase classname="galois_multiplication_test" name="run_test_012" ratio_time="1315319017543859.8" sim_time_ns="1001000000000.0" time="0.0007610321044921875" />
    <testcase classname="galois_multiplication_test" name="run_test_013" ratio_time="1358297736654804.2" sim_time_ns="1001000000000.0" time="0.0007369518280029297" />
    <testcase classname="galois_multiplication_test" name="run_test_014" ratio_time="1324029739514348.8" sim_time_ns="1001000000000.0" time="0.0007560253143310547" />
    <testcase classname="galois_multiplication_test" name="run_test_015" ratio_time="1222270248617176.2" sim_time_ns="1001000000000.0" time="0.0008189678192138672" />
    <testcase classname="galois_multiplication_test" name="run_test_016" ratio_time="1416019664080944.2" sim_time_ns="1001000000000.0" time="0.0007069110870361328" />
    <testcase classname="galois_multiplication_test" name="run_test_017" ratio_time="1409838248488918.8" sim_time_ns="1001000000000.0" time="0.0007100105285644531" />
    <testcase classname="galois_multiplication_test" name="run_test_018" ratio_time="1356104103359173.2" sim_time_ns="1001000000000.0" time="0.0007381439208984375" />
    <testcase classname="galois_multiplication_test" name="run_test_019" ratio_time="1214843259259259.2" sim_time_ns="1001000000000.0" time="0.000823974609375" />
    <testcase classname="galois_multiplication_test" name="run_test_020" ratio_time="1354791321071313.2" sim_time_ns="1001000000000.0" time="0.0007388591766357422" />
    <testcase classname="galois_multiplication_test" name="run_test_021" ratio_time="1372955625899280.5" sim_time_ns="1001000000000.0" time="0.0007290840148925781" />
    <testcase classname="galois_multiplication_test" name="run_test_022" ratio_time="1363591524520948.2" sim_time_ns="1001000000000.0" time="0.0007340908050537109" />
    <testcase classname="galois_multiplication_test" name="run_test_023" ratio_time="1170802650306748.5" sim_time_ns="1001000000000.0" time="0.0008549690246582031" />
    <testcase classname="galois_multiplication_test" name="run_test_024" ratio_time="1392075034482758.5" sim_time_ns="1001000000000.0" time="0.0007190704345703125" />
    <testcase classname="galois_multiplication_test" name="run_test_025" ratio_time="1369373223744292.2" sim_time_ns="1001000000000.0" time="0.0007309913635253906" />
    <testcase classname="galois_multiplication_test" name="run_test_026" ratio_time="1361822349659422.8" sim_time_ns="1001000000000.0" time="0.0007350444793701172" />
    <testcase classname="galois_multiplication_test" name="run_test_027" ratio_time="851795151957800.8" sim_time_ns="1001000000000.0" time="0.0011751651763916016" />
    <testcase classname="galois_multiplication_test" name="run_test_028" ratio_time="1434403247010591.0" sim_time_ns="1001000000000.0" time="0.0006978511810302734" />
    <testcase classname="galois_multiplication_test" name="run_test_029" ratio_time="1376556820983606.5" sim_time_ns="1001000000000.0" time="0.0007271766662597656" />
    <testcase classname="galois_multiplication_test" name="run_test_030" ratio_time="1411734466711499.8" sim_time_ns="1001000000000.0" time="0.0007090568542480469" />
    <testcase classname="galois_multiplication_test" name="run_test_031" ratio_time="1240324462038404.8" sim_time_ns="1001000000000.0" time="0.0008070468902587891" />
    <testcase classname="galois_multiplication_test" name="run_test_032" ratio_time="1409838248488918.8" sim_time_ns="1001000000000.0" time="0.0007100105285644531" />
    <testcase classname="galois_multiplication_test" name="run_test_033" ratio_time="1414111924553721.8" sim_time_ns="1001000000000.0" time="0.0007078647613525391" />
    <testcase classname="galois_multiplication_test" name="run_test_034" ratio_time="1480429585331452.8" sim_time_ns="1001000000000.0" time="0.0006761550903320312" />
    <testcase classname="galois_multiplication_test" name="run_test_035" ratio_time="1318623839195980.0" sim_time_ns="1001000000000.0" time="0.000759124755859375" />
    <testcase classname="galois_multiplication_test" name="run_test_036" ratio_time="1472124230014025.2" sim_time_ns="1001000000000.0" time="0.0006799697875976562" />
    <testcase classname="galois_multiplication_test" name="run_test_037" ratio_time="1399966090030010.0" sim_time_ns="1001000000000.0" time="0.0007150173187255859" />
    <testcase classname="galois_multiplication_test" name="run_test_038" ratio_time="1419850626986811.0" sim_time_ns="1001000000000.0" time="0.0007050037384033203" />
    <testcase classname="galois_multiplication_test" name="run_test_039" ratio_time="1294634074622263.2" sim_time_ns="1001000000000.0" time="0.0007731914520263672" />
    <testcase classname="galois_multiplication_test" name="run_test_040" ratio_time="1278470859926918.5" sim_time_ns="1001000000000.0" time="0.0007829666137695312" />
    <testcase classname="galois_multiplication_test" name="run_test_041" ratio_time="1415542246797033.0" sim_time_ns="1001000000000.0" time="0.0007071495056152344" />
    <testcase classname="galois_multiplication_test" name="run_test_042" ratio_time="1358297736654804.2" sim_time_ns="1001000000000.0" time="0.0007369518280029297" />
    <testcase classname="galois_multiplication_test" name="run_test_043" ratio_time="1286698836653386.5" sim_time_ns="1001000000000.0" time="0.0007779598236083984" />
    <testcase classname="galois_multiplication_test" name="run_test_044" ratio_time="1431957129604365.5" sim_time_ns="1001000000000.0" time="0.0006990432739257812" />
    <testcase classname="galois_multiplication_test" name="run_test_045" ratio_time="1274976709383540.8" sim_time_ns="1001000000000.0" time="0.0007851123809814453" />
    <testcase classname="galois_multiplication_test" name="run_test_046" ratio_time="1352608989690721.8" sim_time_ns="1001000000000.0" time="0.00074005126953125" />
    <testcase classname="galois_multiplication_test" name="run_test_047" ratio_time="1208896718687014.0" sim_time_ns="1001000000000.0" time="0.0008280277252197266" />
    <testcase classname="galois_multiplication_test" name="run_test_048" ratio_time="1444768858912594.8" sim_time_ns="1001000000000.0" time="0.0006928443908691406" />
    <testcase classname="galois_multiplication_test" name="run_test_049" ratio_time="1400433056704469.8" sim_time_ns="1001000000000.0" time="0.0007147789001464844" />
    <testcase classname="galois_multiplication_test" name="run_test_050" ratio_time="1378364512147078.2" sim_time_ns="1001000000000.0" time="0.0007262229919433594" />
    <testcase classname="galois_multiplication_test" name="run_test_051" ratio_time="1217661921113689.0" sim_time_ns="1001000000000.0" time="0.0008220672607421875" />
    <testcase classname="galois_multiplication_test" name="run_test_052" ratio_time="1399966090030010.0" sim_time_ns="1001000000000.0" time="0.0007150173187255859" />
    <testcase classname="galois_multiplication_test" name="run_test_053" ratio_time="1487247008147361.0" sim_time_ns="1001000000000.0" time="0.0006730556488037109" />
    <testcase classname="galois_multiplication_test" name="run_test_054" ratio_time="1336675677809614.8" sim_time_ns="1001000000000.0" time="0.0007488727569580078" />
    <testcase classname="galois_multiplication_test" name="run_test_055" ratio_time="1226913589713617.8" sim_time_ns="1001000000000.0" time="0.0008158683776855469" />
    <testcase classname="galois_multiplication_test" name="run_test_056" ratio_time="1465956111731843.5" sim_time_ns="1001000000000.0" time="0.000682830810546875" />
    <testcase classname="galois_multiplication_test" name="run_test_057" ratio_time="1442287290965304.0" sim_time_ns="1001000000000.0" time="0.0006940364837646484" />
    <testcase classname="galois_multiplication_test" name="run_test_058" ratio_time="1310392729088639.2" sim_time_ns="1001000000000.0" time="0.0007638931274414062" />
    <testcase classname="galois_multiplication_test" name="run_test_059" ratio_time="1193094147200909.2" sim_time_ns="1001000000000.0" time="0.0008389949798583984" />
    <testcase classname="galois_multiplication_test" name="run_test_060" ratio_time="1409838248488918.8" sim_time_ns="1001000000000.0" time="0.0007100105285644531" />
    <testcase classname="galois_multiplication_test" name="run_test_061" ratio_time="1436366166267533.2" sim_time_ns="1001000000000.0" time="0.0006968975067138672" />
    <testcase classname="galois_multiplication_test" name="run_test_062" ratio_time="1403710566365764.0" sim_time_ns="1001000000000.0" time="0.0007131099700927734" />
    <testcase classname="galois_multiplication_test" name="run_test_063" ratio_time="1158526022075055.2" sim_time_ns="1001000000000.0" time="0.0008640289306640625" />
    <testcase classname="galois_multiplication_test" name="run_test_064" ratio_time="1446760270158511.2" sim_time_ns="1001000000000.0" time="0.0006918907165527344" />
    <testcase classname="galois_multiplication_test" name="run_test_065" ratio_time="1352608989690721.8" sim_time_ns="1001000000000.0" time="0.00074005126953125" />
    <testcase classname="galois_multiplication_test" name="run_test_066" ratio_time="1329059292181070.0" sim_time_ns="1001000000000.0" time="0.0007531642913818359" />
    <testcase classname="galois_multiplication_test" name="run_test_067" ratio_time="1163986222345439.5" sim_time_ns="1001000000000.0" time="0.0008599758148193359" />
    <testcase classname="galois_multiplication_test" name="run_test_068" ratio_time="1347399969191270.8" sim_time_ns="1001000000000.0" time="0.0007429122924804688" />
    <testcase classname="galois_multiplication_test" name="run_test_069" ratio_time="1432445685431593.2" sim_time_ns="1001000000000.0" time="0.0006988048553466797" />
    <testcase classname="galois_multiplication_test" name="run_test_070" ratio_time="1440308166037735.8" sim_time_ns="1001000000000.0" time="0.0006949901580810547" />
    <testcase classname="galois_multiplication_test" name="run_test_071" ratio_time="1262326609741431.2" sim_time_ns="1001000000000.0" time="0.0007929801940917969" />
    <testcase classname="galois_multiplication_test" name="run_test_072" ratio_time="1308758822942643.5" sim_time_ns="1001000000000.0" time="0.0007648468017578125" />
    <testcase classname="galois_multiplication_test" name="run_test_073" ratio_time="1289861230107527.0" sim_time_ns="1001000000000.0" time="0.0007760524749755859" />
    <testcase classname="galois_multiplication_test" name="run_test_074" ratio_time="1458824984016678.2" sim_time_ns="1001000000000.0" time="0.0006861686706542969" />
    <testcase classname="galois_multiplication_test" name="run_test_075" ratio_time="1153433600000000.0" sim_time_ns="1001000000000.0" time="0.0008678436279296875" />
    <testcase classname="galois_multiplication_test" name="run_test_076" ratio_time="1446261902859111.2" sim_time_ns="1001000000000.0" time="0.0006921291351318359" />
    <testcase classname="galois_multiplication_test" name="run_test_077" ratio_time="1450759607463718.0" sim_time_ns="1001000000000.0" time="0.0006899833679199219" />
    <testcase classname="galois_multiplication_test" name="run_test_078" ratio_time="1448757178743961.2" sim_time_ns="1001000000000.0" time="0.0006909370422363281" />
    <testcase classname="galois_multiplication_test" name="run_test_079" ratio_time="1246585007125890.8" sim_time_ns="1001000000000.0" time="0.0008029937744140625" />
    <testcase classname="galois_multiplication_test" name="run_test_080" ratio_time="1324447414511041.0" sim_time_ns="1001000000000.0" time="0.0007557868957519531" />
    <testcase classname="galois_multiplication_test" name="run_test_081" ratio_time="1419850626986811.0" sim_time_ns="1001000000000.0" time="0.0007050037384033203" />
    <testcase classname="galois_multiplication_test" name="run_test_082" ratio_time="1425636096434635.0" sim_time_ns="1001000000000.0" time="0.0007021427154541016" />
    <testcase classname="galois_multiplication_test" name="run_test_083" ratio_time="1187358117647058.8" sim_time_ns="1001000000000.0" time="0.000843048095703125" />
    <testcase classname="galois_multiplication_test" name="run_test_084" ratio_time="1433913355191256.8" sim_time_ns="1001000000000.0" time="0.000698089599609375" />
    <testcase classname="galois_multiplication_test" name="run_test_085" ratio_time="1252909073112503.8" sim_time_ns="1001000000000.0" time="0.0007989406585693359" />
    <testcase classname="galois_multiplication_test" name="run_test_086" ratio_time="1457305902117320.2" sim_time_ns="1001000000000.0" time="0.0006868839263916016" />
    <testcase classname="galois_multiplication_test" name="run_test_087" ratio_time="1285123447811447.8" sim_time_ns="1001000000000.0" time="0.0007789134979248047" />
    <testcase classname="galois_multiplication_test" name="run_test_088" ratio_time="1450759607463718.0" sim_time_ns="1001000000000.0" time="0.0006899833679199219" />
    <testcase classname="galois_multiplication_test" name="run_test_089" ratio_time="1457305902117320.2" sim_time_ns="1001000000000.0" time="0.0006868839263916016" />
    <testcase classname="galois_multiplication_test" name="run_test_090" ratio_time="1433913355191256.8" sim_time_ns="1001000000000.0" time="0.000698089599609375" />
    <testcase classname="galois_multiplication_test" name="run_test_091" ratio_time="1276915542579075.5" sim_time_ns="1001000000000.0" time="0.0007839202880859375" />
    <testcase classname="galois_multiplication_test" name="run_test_092" ratio_time="1358297736654804.2" sim_time_ns="1001000000000.0" time="0.0007369518280029297" />
    <testcase classname="galois_multiplication_test" name="run_test_093" ratio_time="1223695221218303.8" sim_time_ns="1001000000000.0" time="0.0008180141448974609" />
    <testcase classname="galois_multiplication_test" name="run_test_094" ratio_time="1374753865094957.5" sim_time_ns="1001000000000.0" time="0.0007281303405761719" />
    <testcase classname="galois_multiplication_test" name="run_test_095" ratio_time="1278470859926918.5" sim_time_ns="1001000000000.0" time="0.0007829666137695312" />
    <testcase classname="galois_multiplication_test" name="run_test_096" ratio_time="1454781117117117.0" sim_time_ns="1001000000000.0" time="0.0006880760192871094" />
    <testcase classname="galois_multiplication_test" name="run_test_097" ratio_time="1434403247010591.0" sim_time_ns="1001000000000.0" time="0.0006978511810302734" />
    <testcase classname="galois_multiplication_test" name="run_test_098" ratio_time="1372955625899280.5" sim_time_ns="1001000000000.0" time="0.0007290840148925781" />
    <testcase classname="galois_multiplication_test" name="run_test_099" ratio_time="1240324462038404.8" sim_time_ns="1001000000000.0" time="0.0008070468902587891" />
    <testcase classname="galois_multiplication_test" name="run_test_100" ratio_time="1283159628361858.2" sim_time_ns="1001000000000.0" time="0.0007801055908203125" />
  </testsuite>
</testsuites>
