<?xml version='1.0' encoding='UTF-8'?>
<testsuites name="results">
  <testsuite name="all" package="all" tests="0">
    <property name="random_seed" value="1572435759" />
    <testcase classname="fast_adder_test" name="run_test_001" ratio_time="65882535614307.93" sim_time_ns="101000000000.0" time="0.0015330314636230469" />
    <testcase classname="fast_adder_test" name="run_test_002" ratio_time="206545443198439.78" sim_time_ns="101000000000.0" time="0.0004889965057373047" />
    <testcase classname="fast_adder_test" name="run_test_003" ratio_time="202400718585762.06" sim_time_ns="101000000000.0" time="0.0004990100860595703" />
    <testcase classname="fast_adder_test" name="run_test_004" ratio_time="210444462990561.34" sim_time_ns="101000000000.0" time="0.0004799365997314453" />
    <testcase classname="fast_adder_test" name="run_test_005" ratio_time="194234160476845.47" sim_time_ns="101000000000.0" time="0.0005199909210205078" />
    <testcase classname="fast_adder_test" name="run_test_006" ratio_time="206043143968871.6" sim_time_ns="101000000000.0" time="0.0004901885986328125" />
    <testcase classname="fast_adder_test" name="run_test_007" ratio_time="162370526638558.84" sim_time_ns="101000000000.0" time="0.0006220340728759766" />
    <testcase classname="fast_adder_test" name="run_test_008" ratio_time="213520516129032.25" sim_time_ns="101000000000.0" time="0.0004730224609375" />
    <testcase classname="fast_adder_test" name="run_test_009" ratio_time="184666392327811.7" sim_time_ns="101000000000.0" time="0.0005469322204589844" />
    <testcase classname="fast_adder_test" name="run_test_010" ratio_time="217689981500513.88" sim_time_ns="101000000000.0" time="0.0004639625549316406" />
    <testcase classname="fast_adder_test" name="run_test_011" ratio_time="197586149253731.34" sim_time_ns="101000000000.0" time="0.00051116943359375" />
    <testcase classname="fast_adder_test" name="run_test_012" ratio_time="228986326486486.5" sim_time_ns="101000000000.0" time="0.0004410743713378906" />
    <testcase classname="fast_adder_test" name="run_test_013" ratio_time="192731894449499.53" sim_time_ns="101000000000.0" time="0.0005240440368652344" />
    <testcase classname="fast_adder_test" name="run_test_014" ratio_time="225452210750399.16" sim_time_ns="101000000000.0" time="0.00044798851013183594" />
    <testcase classname="fast_adder_test" name="run_test_015" ratio_time="221445219027705.2" sim_time_ns="101000000000.0" time="0.00045609474182128906" />
    <testcase classname="fast_adder_test" name="run_test_016" ratio_time="197310062412668.84" sim_time_ns="101000000000.0" time="0.0005118846893310547" />
    <testcase classname="fast_adder_test" name="run_test_017" ratio_time="204452077220077.22" sim_time_ns="101000000000.0" time="0.0004940032958984375" />
    <testcase classname="fast_adder_test" name="run_test_018" ratio_time="220637866666666.66" sim_time_ns="101000000000.0" time="0.000457763671875" />
    <testcase classname="fast_adder_test" name="run_test_019" ratio_time="219608452047693.1" sim_time_ns="101000000000.0" time="0.00045990943908691406" />
    <testcase classname="fast_adder_test" name="run_test_020" ratio_time="224021525118984.66" sim_time_ns="101000000000.0" time="0.0004508495330810547" />
    <testcase classname="fast_adder_test" name="run_test_021" ratio_time="223548656464379.94" sim_time_ns="101000000000.0" time="0.00045180320739746094" />
    <testcase classname="fast_adder_test" name="run_test_022" ratio_time="222960370526315.78" sim_time_ns="101000000000.0" time="0.00045299530029296875" />
    <testcase classname="fast_adder_test" name="run_test_023" ratio_time="212556299046663.3" sim_time_ns="101000000000.0" time="0.00047516822814941406" />
    <testcase classname="fast_adder_test" name="run_test_024" ratio_time="231615475123018.03" sim_time_ns="101000000000.0" time="0.0004360675811767578" />
    <testcase classname="fast_adder_test" name="run_test_025" ratio_time="226537274866310.16" sim_time_ns="101000000000.0" time="0.0004458427429199219" />
    <testcase classname="fast_adder_test" name="run_test_026" ratio_time="221561037656903.78" sim_time_ns="101000000000.0" time="0.0004558563232421875" />
    <testcase classname="fast_adder_test" name="run_test_027" ratio_time="220523010931806.34" sim_time_ns="101000000000.0" time="0.00045800209045410156" />
    <testcase classname="fast_adder_test" name="run_test_028" ratio_time="190222139200718.47" sim_time_ns="101000000000.0" time="0.0005309581756591797" />
    <testcase classname="fast_adder_test" name="run_test_029" ratio_time="214819829614604.47" sim_time_ns="101000000000.0" time="0.00047016143798828125" />
    <testcase classname="fast_adder_test" name="run_test_030" ratio_time="245153185185185.2" sim_time_ns="101000000000.0" time="0.0004119873046875" />
    <testcase classname="fast_adder_test" name="run_test_031" ratio_time="220064781298701.3" sim_time_ns="101000000000.0" time="0.0004589557647705078" />
    <testcase classname="fast_adder_test" name="run_test_032" ratio_time="212663004016064.25" sim_time_ns="101000000000.0" time="0.0004749298095703125" />
    <testcase classname="fast_adder_test" name="run_test_033" ratio_time="241656990302338.84" sim_time_ns="101000000000.0" time="0.00041794776916503906" />
    <testcase classname="fast_adder_test" name="run_test_034" ratio_time="213520516129032.25" sim_time_ns="101000000000.0" time="0.0004730224609375" />
    <testcase classname="fast_adder_test" name="run_test_035" ratio_time="232123125479452.06" sim_time_ns="101000000000.0" time="0.00043511390686035156" />
    <testcase classname="fast_adder_test" name="run_test_036" ratio_time="234305699115044.25" sim_time_ns="101000000000.0" time="0.000431060791015625" />
    <testcase classname="fast_adder_test" name="run_test_037" ratio_time="231236192139738.0" sim_time_ns="101000000000.0" time="0.0004367828369140625" />
    <testcase classname="fast_adder_test" name="run_test_038" ratio_time="213951870707070.72" sim_time_ns="101000000000.0" time="0.00047206878662109375" />
    <testcase classname="fast_adder_test" name="run_test_039" ratio_time="247011489212828.0" sim_time_ns="101000000000.0" time="0.0004088878631591797" />
    <testcase classname="fast_adder_test" name="run_test_040" ratio_time="235347057777777.78" sim_time_ns="101000000000.0" time="0.0004291534423828125" />
    <testcase classname="fast_adder_test" name="run_test_041" ratio_time="229110169821525.16" sim_time_ns="101000000000.0" time="0.00044083595275878906" />
    <testcase classname="fast_adder_test" name="run_test_042" ratio_time="232760826373626.38" sim_time_ns="101000000000.0" time="0.00043392181396484375" />
    <testcase classname="fast_adder_test" name="run_test_043" ratio_time="240969683731513.1" sim_time_ns="101000000000.0" time="0.0004191398620605469" />
    <testcase classname="fast_adder_test" name="run_test_044" ratio_time="243322632969557.72" sim_time_ns="101000000000.0" time="0.0004150867462158203" />
    <testcase classname="fast_adder_test" name="run_test_045" ratio_time="206143408272506.1" sim_time_ns="101000000000.0" time="0.0004899501800537109" />
    <testcase classname="fast_adder_test" name="run_test_046" ratio_time="198419065105386.4" sim_time_ns="101000000000.0" time="0.0005090236663818359" />
    <testcase classname="fast_adder_test" name="run_test_047" ratio_time="236529706309324.4" sim_time_ns="101000000000.0" time="0.00042700767517089844" />
    <testcase classname="fast_adder_test" name="run_test_048" ratio_time="220064781298701.3" sim_time_ns="101000000000.0" time="0.0004589557647705078" />
    <testcase classname="fast_adder_test" name="run_test_049" ratio_time="254276533013205.28" sim_time_ns="101000000000.0" time="0.0003972053527832031" />
    <testcase classname="fast_adder_test" name="run_test_050" ratio_time="255812019323671.5" sim_time_ns="101000000000.0" time="0.0003948211669921875" />
    <testcase classname="fast_adder_test" name="run_test_051" ratio_time="228986326486486.5" sim_time_ns="101000000000.0" time="0.0004410743713378906" />
    <testcase classname="fast_adder_test" name="run_test_052" ratio_time="202788273815222.6" sim_time_ns="101000000000.0" time="0.0004980564117431641" />
    <testcase classname="fast_adder_test" name="run_test_053" ratio_time="178744600843881.84" sim_time_ns="101000000000.0" time="0.0005650520324707031" />
    <testcase classname="fast_adder_test" name="run_test_054" ratio_time="219494665284974.1" sim_time_ns="101000000000.0" time="0.0004601478576660156" />
    <testcase classname="fast_adder_test" name="run_test_055" ratio_time="229980838219326.8" sim_time_ns="101000000000.0" time="0.0004391670227050781" />
    <testcase classname="fast_adder_test" name="run_test_056" ratio_time="211812352000000.0" sim_time_ns="101000000000.0" time="0.000476837158203125" />
    <testcase classname="fast_adder_test" name="run_test_057" ratio_time="210444462990561.34" sim_time_ns="101000000000.0" time="0.0004799365997314453" />
    <testcase classname="fast_adder_test" name="run_test_058" ratio_time="219040694932781.8" sim_time_ns="101000000000.0" time="0.0004611015319824219" />
    <testcase classname="fast_adder_test" name="run_test_059" ratio_time="221561037656903.78" sim_time_ns="101000000000.0" time="0.0004558563232421875" />
    <testcase classname="fast_adder_test" name="run_test_060" ratio_time="224021525118984.66" sim_time_ns="101000000000.0" time="0.0004508495330810547" />
    <testcase classname="fast_adder_test" name="run_test_061" ratio_time="209923044598612.5" sim_time_ns="101000000000.0" time="0.0004811286926269531" />
    <testcase classname="fast_adder_test" name="run_test_062" ratio_time="237059151650811.4" sim_time_ns="101000000000.0" time="0.0004260540008544922" />
    <testcase classname="fast_adder_test" name="run_test_063" ratio_time="222960370526315.78" sim_time_ns="101000000000.0" time="0.00045299530029296875" />
    <testcase classname="fast_adder_test" name="run_test_064" ratio_time="227022885316184.34" sim_time_ns="101000000000.0" time="0.0004448890686035156" />
    <testcase classname="fast_adder_test" name="run_test_065" ratio_time="241656990302338.84" sim_time_ns="101000000000.0" time="0.00041794776916503906" />
    <testcase classname="fast_adder_test" name="run_test_066" ratio_time="234825223946784.94" sim_time_ns="101000000000.0" time="0.00043010711669921875" />
    <testcase classname="fast_adder_test" name="run_test_067" ratio_time="241656990302338.84" sim_time_ns="101000000000.0" time="0.00041794776916503906" />
    <testcase classname="fast_adder_test" name="run_test_068" ratio_time="227022885316184.34" sim_time_ns="101000000000.0" time="0.0004448890686035156" />
    <testcase classname="fast_adder_test" name="run_test_069" ratio_time="220064781298701.3" sim_time_ns="101000000000.0" time="0.0004589557647705078" />
    <testcase classname="fast_adder_test" name="run_test_070" ratio_time="225452210750399.16" sim_time_ns="101000000000.0" time="0.00044798851013183594" />
    <testcase classname="fast_adder_test" name="run_test_071" ratio_time="242764873352435.53" sim_time_ns="101000000000.0" time="0.00041604042053222656" />
    <testcase classname="fast_adder_test" name="run_test_072" ratio_time="245153185185185.2" sim_time_ns="101000000000.0" time="0.0004119873046875" />
    <testcase classname="fast_adder_test" name="run_test_073" ratio_time="242209664951400.8" sim_time_ns="101000000000.0" time="0.0004169940948486328" />
    <testcase classname="fast_adder_test" name="run_test_074" ratio_time="220523010931806.34" sim_time_ns="101000000000.0" time="0.00045800209045410156" />
    <testcase classname="fast_adder_test" name="run_test_075" ratio_time="238259113610798.66" sim_time_ns="101000000000.0" time="0.0004239082336425781" />
    <testcase classname="fast_adder_test" name="run_test_076" ratio_time="239335990960451.97" sim_time_ns="101000000000.0" time="0.0004220008850097656" />
    <testcase classname="fast_adder_test" name="run_test_077" ratio_time="247011489212828.0" sim_time_ns="101000000000.0" time="0.0004088878631591797" />
    <testcase classname="fast_adder_test" name="run_test_078" ratio_time="236529706309324.4" sim_time_ns="101000000000.0" time="0.00042700767517089844" />
    <testcase classname="fast_adder_test" name="run_test_079" ratio_time="247011489212828.0" sim_time_ns="101000000000.0" time="0.0004088878631591797" />
    <testcase classname="fast_adder_test" name="run_test_080" ratio_time="206143408272506.1" sim_time_ns="101000000000.0" time="0.0004899501800537109" />
    <testcase classname="fast_adder_test" name="run_test_081" ratio_time="231110040370976.53" sim_time_ns="101000000000.0" time="0.00043702125549316406" />
    <testcase classname="fast_adder_test" name="run_test_082" ratio_time="239878088335220.84" sim_time_ns="101000000000.0" time="0.0004210472106933594" />
    <testcase classname="fast_adder_test" name="run_test_083" ratio_time="216245382337927.5" sim_time_ns="101000000000.0" time="0.00046706199645996094" />
    <testcase classname="fast_adder_test" name="run_test_084" ratio_time="213090897384305.84" sim_time_ns="101000000000.0" time="0.00047397613525390625" />
    <testcase classname="fast_adder_test" name="run_test_085" ratio_time="219494665284974.1" sim_time_ns="101000000000.0" time="0.0004601478576660156" />
    <testcase classname="fast_adder_test" name="run_test_086" ratio_time="209507766567754.7" sim_time_ns="101000000000.0" time="0.0004820823669433594" />
    <testcase classname="fast_adder_test" name="run_test_087" ratio_time="234955465335551.84" sim_time_ns="101000000000.0" time="0.0004298686981201172" />
    <testcase classname="fast_adder_test" name="run_test_088" ratio_time="239335990960451.97" sim_time_ns="101000000000.0" time="0.0004220008850097656" />
    <testcase classname="fast_adder_test" name="run_test_089" ratio_time="222491966386554.62" sim_time_ns="101000000000.0" time="0.000453948974609375" />
    <testcase classname="fast_adder_test" name="run_test_090" ratio_time="234305699115044.25" sim_time_ns="101000000000.0" time="0.000431060791015625" />
    <testcase classname="fast_adder_test" name="run_test_091" ratio_time="220983152842983.84" sim_time_ns="101000000000.0" time="0.0004570484161376953" />
    <testcase classname="fast_adder_test" name="run_test_092" ratio_time="224021525118984.66" sim_time_ns="101000000000.0" time="0.0004508495330810547" />
    <testcase classname="fast_adder_test" name="run_test_093" ratio_time="229980838219326.8" sim_time_ns="101000000000.0" time="0.0004391670227050781" />
    <testcase classname="fast_adder_test" name="run_test_094" ratio_time="231236192139738.0" sim_time_ns="101000000000.0" time="0.0004367828369140625" />
    <testcase classname="fast_adder_test" name="run_test_095" ratio_time="242209664951400.8" sim_time_ns="101000000000.0" time="0.0004169940948486328" />
    <testcase classname="fast_adder_test" name="run_test_096" ratio_time="233788467991169.97" sim_time_ns="101000000000.0" time="0.00043201446533203125" />
    <testcase classname="fast_adder_test" name="run_test_097" ratio_time="251857731272294.88" sim_time_ns="101000000000.0" time="0.0004010200500488281" />
    <testcase classname="fast_adder_test" name="run_test_098" ratio_time="245721986078886.3" sim_time_ns="101000000000.0" time="0.00041103363037109375" />
    <testcase classname="fast_adder_test" name="run_test_099" ratio_time="254429251651651.66" sim_time_ns="101000000000.0" time="0.00039696693420410156" />
    <testcase classname="fast_adder_test" name="run_test_100" ratio_time="228000378902045.22" sim_time_ns="101000000000.0" time="0.0004429817199707031" />
  </testsuite>
</testsuites>
