<?xml version='1.0' encoding='UTF-8'?>
<testsuites name="results">
  <testsuite name="all" package="all" tests="0">
    <property name="random_seed" value="1572532324" />
    <testcase classname="matrix_multiplication_test" name="run_test_001" ratio_time="166865319502404.5" sim_time_ns="1001000000000.0" time="0.005998849868774414" />
    <testcase classname="matrix_multiplication_test" name="run_test_002" ratio_time="493824782874617.75" sim_time_ns="1001000000000.0" time="0.0020270347595214844" />
    <testcase classname="matrix_multiplication_test" name="run_test_003" ratio_time="522136339261285.94" sim_time_ns="1001000000000.0" time="0.001917123794555664" />
    <testcase classname="matrix_multiplication_test" name="run_test_004" ratio_time="550334028575173.7" sim_time_ns="1001000000000.0" time="0.0018188953399658203" />
    <testcase classname="matrix_multiplication_test" name="run_test_005" ratio_time="566216898718813.2" sim_time_ns="1001000000000.0" time="0.001767873764038086" />
    <testcase classname="matrix_multiplication_test" name="run_test_006" ratio_time="681795762260474.1" sim_time_ns="1001000000000.0" time="0.0014681816101074219" />
    <testcase classname="matrix_multiplication_test" name="run_test_007" ratio_time="742046359844468.0" sim_time_ns="1001000000000.0" time="0.0013489723205566406" />
    <testcase classname="matrix_multiplication_test" name="run_test_008" ratio_time="831385802772277.2" sim_time_ns="1001000000000.0" time="0.0012040138244628906" />
    <testcase classname="matrix_multiplication_test" name="run_test_009" ratio_time="831385802772277.2" sim_time_ns="1001000000000.0" time="0.0012040138244628906" />
    <testcase classname="matrix_multiplication_test" name="run_test_010" ratio_time="748128707056307.9" sim_time_ns="1001000000000.0" time="0.0013380050659179688" />
    <testcase classname="matrix_multiplication_test" name="run_test_011" ratio_time="812560151732146.4" sim_time_ns="1001000000000.0" time="0.0012319087982177734" />
    <testcase classname="matrix_multiplication_test" name="run_test_012" ratio_time="823234961568627.5" sim_time_ns="1001000000000.0" time="0.0012159347534179688" />
    <testcase classname="matrix_multiplication_test" name="run_test_013" ratio_time="766429044176706.9" sim_time_ns="1001000000000.0" time="0.0013060569763183594" />
    <testcase classname="matrix_multiplication_test" name="run_test_014" ratio_time="780825423842291.2" sim_time_ns="1001000000000.0" time="0.0012819766998291016" />
    <testcase classname="matrix_multiplication_test" name="run_test_015" ratio_time="786382900168570.9" sim_time_ns="1001000000000.0" time="0.0012729167938232422" />
    <testcase classname="matrix_multiplication_test" name="run_test_016" ratio_time="802772142256214.1" sim_time_ns="1001000000000.0" time="0.0012469291687011719" />
    <testcase classname="matrix_multiplication_test" name="run_test_017" ratio_time="744282627902854.1" sim_time_ns="1001000000000.0" time="0.001344919204711914" />
    <testcase classname="matrix_multiplication_test" name="run_test_018" ratio_time="814451659359844.8" sim_time_ns="1001000000000.0" time="0.0012290477752685547" />
    <testcase classname="matrix_multiplication_test" name="run_test_019" ratio_time="851968000000000.0" sim_time_ns="1001000000000.0" time="0.0011749267578125" />
    <testcase classname="matrix_multiplication_test" name="run_test_020" ratio_time="749865744597249.5" sim_time_ns="1001000000000.0" time="0.0013349056243896484" />
    <testcase classname="matrix_multiplication_test" name="run_test_021" ratio_time="767690309745840.2" sim_time_ns="1001000000000.0" time="0.0013039112091064453" />
    <testcase classname="matrix_multiplication_test" name="run_test_022" ratio_time="826638768261468.8" sim_time_ns="1001000000000.0" time="0.001210927963256836" />
    <testcase classname="matrix_multiplication_test" name="run_test_023" ratio_time="823073574593217.0" sim_time_ns="1001000000000.0" time="0.0012161731719970703" />
    <testcase classname="matrix_multiplication_test" name="run_test_024" ratio_time="579662888858207.9" sim_time_ns="1001000000000.0" time="0.0017268657684326172" />
    <testcase classname="matrix_multiplication_test" name="run_test_025" ratio_time="769942839537869.1" sim_time_ns="1001000000000.0" time="0.0013000965118408203" />
    <testcase classname="matrix_multiplication_test" name="run_test_026" ratio_time="804618302798006.9" sim_time_ns="1001000000000.0" time="0.0012440681457519531" />
    <testcase classname="matrix_multiplication_test" name="run_test_027" ratio_time="738652059113300.5" sim_time_ns="1001000000000.0" time="0.0013551712036132812" />
    <testcase classname="matrix_multiplication_test" name="run_test_028" ratio_time="811931600077354.5" sim_time_ns="1001000000000.0" time="0.0012328624725341797" />
    <testcase classname="matrix_multiplication_test" name="run_test_029" ratio_time="801393071960297.8" sim_time_ns="1001000000000.0" time="0.001249074935913086" />
    <testcase classname="matrix_multiplication_test" name="run_test_030" ratio_time="785059518324607.4" sim_time_ns="1001000000000.0" time="0.0012750625610351562" />
    <testcase classname="matrix_multiplication_test" name="run_test_031" ratio_time="720648524545142.5" sim_time_ns="1001000000000.0" time="0.0013890266418457031" />
    <testcase classname="matrix_multiplication_test" name="run_test_032" ratio_time="795019561446695.8" sim_time_ns="1001000000000.0" time="0.0012590885162353516" />
    <testcase classname="matrix_multiplication_test" name="run_test_033" ratio_time="802772142256214.1" sim_time_ns="1001000000000.0" time="0.0012469291687011719" />
    <testcase classname="matrix_multiplication_test" name="run_test_034" ratio_time="859995555919705.0" sim_time_ns="1001000000000.0" time="0.0011639595031738281" />
    <testcase classname="matrix_multiplication_test" name="run_test_035" ratio_time="790082480993601.8" sim_time_ns="1001000000000.0" time="0.0012669563293457031" />
    <testcase classname="matrix_multiplication_test" name="run_test_036" ratio_time="867458327272727.2" sim_time_ns="1001000000000.0" time="0.0011539459228515625" />
    <testcase classname="matrix_multiplication_test" name="run_test_037" ratio_time="809895506172839.5" sim_time_ns="1001000000000.0" time="0.0012359619140625" />
    <testcase classname="matrix_multiplication_test" name="run_test_038" ratio_time="762254594045025.4" sim_time_ns="1001000000000.0" time="0.0013132095336914062" />
    <testcase classname="matrix_multiplication_test" name="run_test_039" ratio_time="816510755348113.6" sim_time_ns="1001000000000.0" time="0.0012259483337402344" />
    <testcase classname="matrix_multiplication_test" name="run_test_040" ratio_time="843410667738047.4" sim_time_ns="1001000000000.0" time="0.0011868476867675781" />
    <testcase classname="matrix_multiplication_test" name="run_test_041" ratio_time="830070839066824.9" sim_time_ns="1001000000000.0" time="0.0012059211730957031" />
    <testcase classname="matrix_multiplication_test" name="run_test_042" ratio_time="783886912621359.2" sim_time_ns="1001000000000.0" time="0.0012769699096679688" />
    <testcase classname="matrix_multiplication_test" name="run_test_043" ratio_time="808025077752117.0" sim_time_ns="1001000000000.0" time="0.0012388229370117188" />
    <testcase classname="matrix_multiplication_test" name="run_test_044" ratio_time="809271068619892.0" sim_time_ns="1001000000000.0" time="0.0012369155883789062" />
    <testcase classname="matrix_multiplication_test" name="run_test_045" ratio_time="785647137724550.9" sim_time_ns="1001000000000.0" time="0.00127410888671875" />
    <testcase classname="matrix_multiplication_test" name="run_test_046" ratio_time="774773630559143.8" sim_time_ns="1001000000000.0" time="0.0012919902801513672" />
    <testcase classname="matrix_multiplication_test" name="run_test_047" ratio_time="817783074405921.2" sim_time_ns="1001000000000.0" time="0.0012240409851074219" />
    <testcase classname="matrix_multiplication_test" name="run_test_048" ratio_time="839699660800000.0" sim_time_ns="1001000000000.0" time="0.0011920928955078125" />
    <testcase classname="matrix_multiplication_test" name="run_test_049" ratio_time="756622509280951.5" sim_time_ns="1001000000000.0" time="0.0013229846954345703" />
    <testcase classname="matrix_multiplication_test" name="run_test_050" ratio_time="788894833521232.6" sim_time_ns="1001000000000.0" time="0.0012688636779785156" />
    <testcase classname="matrix_multiplication_test" name="run_test_051" ratio_time="788154365308804.2" sim_time_ns="1001000000000.0" time="0.0012700557708740234" />
    <testcase classname="matrix_multiplication_test" name="run_test_052" ratio_time="683238129210740.5" sim_time_ns="1001000000000.0" time="0.0014650821685791016" />
    <testcase classname="matrix_multiplication_test" name="run_test_053" ratio_time="692250338664468.2" sim_time_ns="1001000000000.0" time="0.0014460086822509766" />
    <testcase classname="matrix_multiplication_test" name="run_test_054" ratio_time="758262290771175.8" sim_time_ns="1001000000000.0" time="0.0013201236724853516" />
    <testcase classname="matrix_multiplication_test" name="run_test_055" ratio_time="756486180900900.9" sim_time_ns="1001000000000.0" time="0.0013232231140136719" />
    <testcase classname="matrix_multiplication_test" name="run_test_056" ratio_time="716100682926829.2" sim_time_ns="1001000000000.0" time="0.001397848129272461" />
    <testcase classname="matrix_multiplication_test" name="run_test_057" ratio_time="811774614075792.8" sim_time_ns="1001000000000.0" time="0.0012331008911132812" />
    <testcase classname="matrix_multiplication_test" name="run_test_058" ratio_time="811147276661514.6" sim_time_ns="1001000000000.0" time="0.0012340545654296875" />
    <testcase classname="matrix_multiplication_test" name="run_test_059" ratio_time="768111654592023.4" sim_time_ns="1001000000000.0" time="0.0013031959533691406" />
    <testcase classname="matrix_multiplication_test" name="run_test_060" ratio_time="724378589371980.6" sim_time_ns="1001000000000.0" time="0.0013818740844726562" />
    <testcase classname="matrix_multiplication_test" name="run_test_061" ratio_time="774773630559143.8" sim_time_ns="1001000000000.0" time="0.0012919902801513672" />
    <testcase classname="matrix_multiplication_test" name="run_test_062" ratio_time="765311393364928.9" sim_time_ns="1001000000000.0" time="0.0013079643249511719" />
    <testcase classname="matrix_multiplication_test" name="run_test_063" ratio_time="755941358300324.1" sim_time_ns="1001000000000.0" time="0.0013241767883300781" />
    <testcase classname="matrix_multiplication_test" name="run_test_064" ratio_time="843241274151436.0" sim_time_ns="1001000000000.0" time="0.0011870861053466797" />
    <testcase classname="matrix_multiplication_test" name="run_test_065" ratio_time="765311393364928.9" sim_time_ns="1001000000000.0" time="0.0013079643249511719" />
    <testcase classname="matrix_multiplication_test" name="run_test_066" ratio_time="765311393364928.9" sim_time_ns="1001000000000.0" time="0.0013079643249511719" />
    <testcase classname="matrix_multiplication_test" name="run_test_067" ratio_time="696152927209418.0" sim_time_ns="1001000000000.0" time="0.0014379024505615234" />
    <testcase classname="matrix_multiplication_test" name="run_test_068" ratio_time="800171203354297.8" sim_time_ns="1001000000000.0" time="0.0012509822845458984" />
    <testcase classname="matrix_multiplication_test" name="run_test_069" ratio_time="804772532873298.9" sim_time_ns="1001000000000.0" time="0.0012438297271728516" />
    <testcase classname="matrix_multiplication_test" name="run_test_070" ratio_time="795772991660348.8" sim_time_ns="1001000000000.0" time="0.0012578964233398438" />
    <testcase classname="matrix_multiplication_test" name="run_test_071" ratio_time="808025077752117.0" sim_time_ns="1001000000000.0" time="0.0012388229370117188" />
    <testcase classname="matrix_multiplication_test" name="run_test_072" ratio_time="877245780192227.4" sim_time_ns="1001000000000.0" time="0.0011410713195800781" />
    <testcase classname="matrix_multiplication_test" name="run_test_073" ratio_time="909947616818378.9" sim_time_ns="1001000000000.0" time="0.0011000633239746094" />
    <testcase classname="matrix_multiplication_test" name="run_test_074" ratio_time="822428658961802.1" sim_time_ns="1001000000000.0" time="0.0012171268463134766" />
    <testcase classname="matrix_multiplication_test" name="run_test_075" ratio_time="831385802772277.2" sim_time_ns="1001000000000.0" time="0.0012040138244628906" />
    <testcase classname="matrix_multiplication_test" name="run_test_076" ratio_time="774773630559143.8" sim_time_ns="1001000000000.0" time="0.0012919902801513672" />
    <testcase classname="matrix_multiplication_test" name="run_test_077" ratio_time="832870125768696.6" sim_time_ns="1001000000000.0" time="0.0012018680572509766" />
    <testcase classname="matrix_multiplication_test" name="run_test_078" ratio_time="750938705777141.9" sim_time_ns="1001000000000.0" time="0.001332998275756836" />
    <testcase classname="matrix_multiplication_test" name="run_test_079" ratio_time="804001973190348.5" sim_time_ns="1001000000000.0" time="0.0012450218200683594" />
    <testcase classname="matrix_multiplication_test" name="run_test_080" ratio_time="834193980528511.9" sim_time_ns="1001000000000.0" time="0.001199960708618164" />
    <testcase classname="matrix_multiplication_test" name="run_test_081" ratio_time="741915233080049.5" sim_time_ns="1001000000000.0" time="0.0013492107391357422" />
    <testcase classname="matrix_multiplication_test" name="run_test_082" ratio_time="817783074405921.2" sim_time_ns="1001000000000.0" time="0.0012240409851074219" />
    <testcase classname="matrix_multiplication_test" name="run_test_083" ratio_time="900965301287553.6" sim_time_ns="1001000000000.0" time="0.0011110305786132812" />
    <testcase classname="matrix_multiplication_test" name="run_test_084" ratio_time="837689206703910.6" sim_time_ns="1001000000000.0" time="0.0011949539184570312" />
    <testcase classname="matrix_multiplication_test" name="run_test_085" ratio_time="753769892998204.6" sim_time_ns="1001000000000.0" time="0.0013279914855957031" />
    <testcase classname="matrix_multiplication_test" name="run_test_086" ratio_time="795019561446695.8" sim_time_ns="1001000000000.0" time="0.0012590885162353516" />
    <testcase classname="matrix_multiplication_test" name="run_test_087" ratio_time="818420722027290.5" sim_time_ns="1001000000000.0" time="0.0012230873107910156" />
    <testcase classname="matrix_multiplication_test" name="run_test_088" ratio_time="783301922388059.8" sim_time_ns="1001000000000.0" time="0.001277923583984375" />
    <testcase classname="matrix_multiplication_test" name="run_test_089" ratio_time="809895506172839.5" sim_time_ns="1001000000000.0" time="0.0012359619140625" />
    <testcase classname="matrix_multiplication_test" name="run_test_090" ratio_time="790677646704331.5" sim_time_ns="1001000000000.0" time="0.0012660026550292969" />
    <testcase classname="matrix_multiplication_test" name="run_test_091" ratio_time="840540201001001.0" sim_time_ns="1001000000000.0" time="0.0011909008026123047" />
    <testcase classname="matrix_multiplication_test" name="run_test_092" ratio_time="832044848196591.4" sim_time_ns="1001000000000.0" time="0.0012030601501464844" />
    <testcase classname="matrix_multiplication_test" name="run_test_093" ratio_time="823719502452423.0" sim_time_ns="1001000000000.0" time="0.001215219497680664" />
    <testcase classname="matrix_multiplication_test" name="run_test_094" ratio_time="858588610224948.9" sim_time_ns="1001000000000.0" time="0.0011658668518066406" />
    <testcase classname="matrix_multiplication_test" name="run_test_095" ratio_time="890644527789563.0" sim_time_ns="1001000000000.0" time="0.0011239051818847656" />
    <testcase classname="matrix_multiplication_test" name="run_test_096" ratio_time="824528339355852.4" sim_time_ns="1001000000000.0" time="0.0012140274047851562" />
    <testcase classname="matrix_multiplication_test" name="run_test_097" ratio_time="854917186723681.5" sim_time_ns="1001000000000.0" time="0.0011708736419677734" />
    <testcase classname="matrix_multiplication_test" name="run_test_098" ratio_time="850414888393761.4" sim_time_ns="1001000000000.0" time="0.001177072525024414" />
    <testcase classname="matrix_multiplication_test" name="run_test_099" ratio_time="769942839537869.1" sim_time_ns="1001000000000.0" time="0.0013000965118408203" />
    <testcase classname="matrix_multiplication_test" name="run_test_100" ratio_time="854047661513425.5" sim_time_ns="1001000000000.0" time="0.0011720657348632812" />
  </testsuite>
</testsuites>
