<?xml version='1.0' encoding='UTF-8'?>
<testsuites name="results">
  <testsuite name="all" package="all" tests="0">
    <property name="random_seed" value="1569324860" />
    <testcase classname="trivium_test" name="run_test_001" ratio_time="38179733361288.46" sim_time_ns="23271000000000.0" time="0.6095118522644043" />
    <testcase classname="trivium_test" name="run_test_002" ratio_time="39851158161971.7" sim_time_ns="23271000000000.0" time="0.5839478969573975" />
    <testcase classname="trivium_test" name="run_test_003" ratio_time="39093189961481.82" sim_time_ns="23271000000000.0" time="0.5952699184417725" />
    <testcase classname="trivium_test" name="run_test_004" ratio_time="40157315566395.21" sim_time_ns="23271000000000.0" time="0.579495906829834" />
  </testsuite>
</testsuites>
