<?xml version='1.0' encoding='UTF-8'?>
<testsuites name="results">
  <testsuite name="all" package="all" tests="0">
    <property name="random_seed" value="1569924761" />
    <testcase classname="key_schedule_test" name="run_test_001" ratio_time="55989995992494.89" sim_time_ns="3351000000000.0" time="0.05984997749328613" />
    <testcase classname="key_schedule_test" name="run_test_002" ratio_time="64826267475969.96" sim_time_ns="3351000000000.0" time="0.05169200897216797" />
    <testcase classname="key_schedule_test" name="run_test_003" ratio_time="62630842842628.734" sim_time_ns="3351000000000.0" time="0.053503990173339844" />
    <testcase classname="key_schedule_test" name="run_test_004" ratio_time="64775179179935.76" sim_time_ns="3351000000000.0" time="0.051732778549194336" />
    <testcase classname="key_schedule_test" name="run_test_005" ratio_time="64807436099135.445" sim_time_ns="3351000000000.0" time="0.05170702934265137" />
    <testcase classname="key_schedule_test" name="run_test_006" ratio_time="66588555217601.41" sim_time_ns="3351000000000.0" time="0.0503239631652832" />
    <testcase classname="key_schedule_test" name="run_test_007" ratio_time="65019997150338.164" sim_time_ns="3351000000000.0" time="0.05153799057006836" />
    <testcase classname="key_schedule_test" name="run_test_008" ratio_time="61970576685493.58" sim_time_ns="3351000000000.0" time="0.05407404899597168" />
    <testcase classname="key_schedule_test" name="run_test_009" ratio_time="69289914486430.52" sim_time_ns="3351000000000.0" time="0.048362016677856445" />
    <testcase classname="key_schedule_test" name="run_test_010" ratio_time="69838722311938.82" sim_time_ns="3351000000000.0" time="0.047981977462768555" />
  </testsuite>
</testsuites>
