<?xml version='1.0' encoding='UTF-8'?>
<testsuites name="results">
  <testsuite name="all" package="all" tests="0">
    <property name="random_seed" value="1572435231" />
    <testcase classname="adder_test" name="run_test_001" ratio_time="51586057476863.125" sim_time_ns="101000000000.0" time="0.0019578933715820312" />
    <testcase classname="adder_test" name="run_test_002" ratio_time="118132934746235.36" sim_time_ns="101000000000.0" time="0.0008549690246582031" />
    <testcase classname="adder_test" name="run_test_003" ratio_time="128996560292326.44" sim_time_ns="101000000000.0" time="0.0007829666137695312" />
    <testcase classname="adder_test" name="run_test_004" ratio_time="141680503010033.44" sim_time_ns="101000000000.0" time="0.0007128715515136719" />
    <testcase classname="adder_test" name="run_test_005" ratio_time="129986101258054.62" sim_time_ns="101000000000.0" time="0.0007770061492919922" />
    <testcase classname="adder_test" name="run_test_006" ratio_time="115839404976756.9" sim_time_ns="101000000000.0" time="0.0008718967437744141" />
    <testcase classname="adder_test" name="run_test_007" ratio_time="113087214095034.7" sim_time_ns="101000000000.0" time="0.0008931159973144531" />
    <testcase classname="adder_test" name="run_test_008" ratio_time="141680503010033.44" sim_time_ns="101000000000.0" time="0.0007128715515136719" />
    <testcase classname="adder_test" name="run_test_009" ratio_time="131683153248368.05" sim_time_ns="101000000000.0" time="0.0007669925689697266" />
    <testcase classname="adder_test" name="run_test_010" ratio_time="156550149297856.62" sim_time_ns="101000000000.0" time="0.0006451606750488281" />
    <testcase classname="adder_test" name="run_test_011" ratio_time="190907933303289.78" sim_time_ns="101000000000.0" time="0.0005290508270263672" />
    <testcase classname="adder_test" name="run_test_012" ratio_time="184024632493483.94" sim_time_ns="101000000000.0" time="0.0005488395690917969" />
    <testcase classname="adder_test" name="run_test_013" ratio_time="214384971659919.03" sim_time_ns="101000000000.0" time="0.0004711151123046875" />
    <testcase classname="adder_test" name="run_test_014" ratio_time="170885318273497.38" sim_time_ns="101000000000.0" time="0.0005910396575927734" />
    <testcase classname="adder_test" name="run_test_015" ratio_time="190907933303289.78" sim_time_ns="101000000000.0" time="0.0005290508270263672" />
    <testcase classname="adder_test" name="run_test_016" ratio_time="196122548148148.16" sim_time_ns="101000000000.0" time="0.000514984130859375" />
    <testcase classname="adder_test" name="run_test_017" ratio_time="217243437948717.94" sim_time_ns="101000000000.0" time="0.0004649162292480469" />
    <testcase classname="adder_test" name="run_test_018" ratio_time="192819619481110.6" sim_time_ns="101000000000.0" time="0.0005238056182861328" />
    <testcase classname="adder_test" name="run_test_019" ratio_time="199634639019792.66" sim_time_ns="101000000000.0" time="0.0005059242248535156" />
    <testcase classname="adder_test" name="run_test_020" ratio_time="212236825651302.6" sim_time_ns="101000000000.0" time="0.00047588348388671875" />
    <testcase classname="adder_test" name="run_test_021" ratio_time="195398848708487.1" sim_time_ns="101000000000.0" time="0.0005168914794921875" />
    <testcase classname="adder_test" name="run_test_022" ratio_time="202400718585762.06" sim_time_ns="101000000000.0" time="0.0004990100860595703" />
    <testcase classname="adder_test" name="run_test_023" ratio_time="202788273815222.6" sim_time_ns="101000000000.0" time="0.0004980564117431641" />
    <testcase classname="adder_test" name="run_test_024" ratio_time="196122548148148.16" sim_time_ns="101000000000.0" time="0.000514984130859375" />
    <testcase classname="adder_test" name="run_test_025" ratio_time="204452077220077.22" sim_time_ns="101000000000.0" time="0.0004940032958984375" />
    <testcase classname="adder_test" name="run_test_026" ratio_time="186290547053649.97" sim_time_ns="101000000000.0" time="0.0005421638488769531" />
    <testcase classname="adder_test" name="run_test_027" ratio_time="177769493915232.9" sim_time_ns="101000000000.0" time="0.0005681514739990234" />
    <testcase classname="adder_test" name="run_test_028" ratio_time="186701059497576.03" sim_time_ns="101000000000.0" time="0.0005409717559814453" />
    <testcase classname="adder_test" name="run_test_029" ratio_time="169179194888178.9" sim_time_ns="101000000000.0" time="0.0005970001220703125" />
    <testcase classname="adder_test" name="run_test_030" ratio_time="230606806750136.1" sim_time_ns="101000000000.0" time="0.0004379749298095703" />
    <testcase classname="adder_test" name="run_test_031" ratio_time="209611431964374.06" sim_time_ns="101000000000.0" time="0.0004818439483642578" />
    <testcase classname="adder_test" name="run_test_032" ratio_time="201151331433998.1" sim_time_ns="101000000000.0" time="0.0005021095275878906" />
    <testcase classname="adder_test" name="run_test_033" ratio_time="195038998158379.38" sim_time_ns="101000000000.0" time="0.0005178451538085938" />
    <testcase classname="adder_test" name="run_test_034" ratio_time="218588598555211.56" sim_time_ns="101000000000.0" time="0.0004620552062988281" />
    <testcase classname="adder_test" name="run_test_035" ratio_time="234955465335551.84" sim_time_ns="101000000000.0" time="0.0004298686981201172" />
    <testcase classname="adder_test" name="run_test_036" ratio_time="220064781298701.3" sim_time_ns="101000000000.0" time="0.0004589557647705078" />
    <testcase classname="adder_test" name="run_test_037" ratio_time="241106832100170.75" sim_time_ns="101000000000.0" time="0.0004189014434814453" />
    <testcase classname="adder_test" name="run_test_038" ratio_time="215365889171326.9" sim_time_ns="101000000000.0" time="0.00046896934509277344" />
    <testcase classname="adder_test" name="run_test_039" ratio_time="205742935405536.66" sim_time_ns="101000000000.0" time="0.0004909038543701172" />
    <testcase classname="adder_test" name="run_test_040" ratio_time="238125184935356.94" sim_time_ns="101000000000.0" time="0.0004241466522216797" />
    <testcase classname="adder_test" name="run_test_041" ratio_time="213951870707070.72" sim_time_ns="101000000000.0" time="0.00047206878662109375" />
    <testcase classname="adder_test" name="run_test_042" ratio_time="215804739684156.9" sim_time_ns="101000000000.0" time="0.0004680156707763672" />
    <testcase classname="adder_test" name="run_test_043" ratio_time="219040694932781.8" sim_time_ns="101000000000.0" time="0.0004611015319824219" />
    <testcase classname="adder_test" name="run_test_044" ratio_time="207862955839057.9" sim_time_ns="101000000000.0" time="0.0004858970642089844" />
    <testcase classname="adder_test" name="run_test_045" ratio_time="219608452047693.1" sim_time_ns="101000000000.0" time="0.00045990943908691406" />
    <testcase classname="adder_test" name="run_test_046" ratio_time="203959896003851.72" sim_time_ns="101000000000.0" time="0.0004951953887939453" />
    <testcase classname="adder_test" name="run_test_047" ratio_time="199540604804521.9" sim_time_ns="101000000000.0" time="0.0005061626434326172" />
    <testcase classname="adder_test" name="run_test_048" ratio_time="209923044598612.5" sim_time_ns="101000000000.0" time="0.0004811286926269531" />
    <testcase classname="adder_test" name="run_test_049" ratio_time="195760029574861.38" sim_time_ns="101000000000.0" time="0.0005159378051757812" />
    <testcase classname="adder_test" name="run_test_050" ratio_time="215804739684156.9" sim_time_ns="101000000000.0" time="0.0004680156707763672" />
    <testcase classname="adder_test" name="run_test_051" ratio_time="204452077220077.22" sim_time_ns="101000000000.0" time="0.0004940032958984375" />
    <testcase classname="adder_test" name="run_test_052" ratio_time="234955465335551.84" sim_time_ns="101000000000.0" time="0.0004298686981201172" />
    <testcase classname="adder_test" name="run_test_053" ratio_time="226901287627209.44" sim_time_ns="101000000000.0" time="0.0004451274871826172" />
    <testcase classname="adder_test" name="run_test_054" ratio_time="230606806750136.1" sim_time_ns="101000000000.0" time="0.0004379749298095703" />
    <testcase classname="adder_test" name="run_test_055" ratio_time="223903120507399.56" sim_time_ns="101000000000.0" time="0.00045108795166015625" />
    <testcase classname="adder_test" name="run_test_056" ratio_time="181657248713550.6" sim_time_ns="101000000000.0" time="0.0005559921264648438" />
    <testcase classname="adder_test" name="run_test_057" ratio_time="230105759913090.72" sim_time_ns="101000000000.0" time="0.00043892860412597656" />
    <testcase classname="adder_test" name="run_test_058" ratio_time="228000378902045.22" sim_time_ns="101000000000.0" time="0.0004429817199707031" />
    <testcase classname="adder_test" name="run_test_059" ratio_time="257053825242718.44" sim_time_ns="101000000000.0" time="0.000392913818359375" />
    <testcase classname="adder_test" name="run_test_060" ratio_time="236002620612813.38" sim_time_ns="101000000000.0" time="0.0004279613494873047" />
    <testcase classname="adder_test" name="run_test_061" ratio_time="207354235927557.5" sim_time_ns="101000000000.0" time="0.0004870891571044922" />
    <testcase classname="adder_test" name="run_test_062" ratio_time="238125184935356.94" sim_time_ns="101000000000.0" time="0.0004241466522216797" />
    <testcase classname="adder_test" name="run_test_063" ratio_time="210027121467526.03" sim_time_ns="101000000000.0" time="0.00048089027404785156" />
    <testcase classname="adder_test" name="run_test_064" ratio_time="225452210750399.16" sim_time_ns="101000000000.0" time="0.00044798851013183594" />
    <testcase classname="adder_test" name="run_test_065" ratio_time="203665723076923.06" sim_time_ns="101000000000.0" time="0.00049591064453125" />
    <testcase classname="adder_test" name="run_test_066" ratio_time="216687828132992.3" sim_time_ns="101000000000.0" time="0.0004661083221435547" />
    <testcase classname="adder_test" name="run_test_067" ratio_time="234955465335551.84" sim_time_ns="101000000000.0" time="0.0004298686981201172" />
    <testcase classname="adder_test" name="run_test_068" ratio_time="227510582169710.0" sim_time_ns="101000000000.0" time="0.0004439353942871094" />
    <testcase classname="adder_test" name="run_test_069" ratio_time="159557327306968.0" sim_time_ns="101000000000.0" time="0.0006330013275146484" />
    <testcase classname="adder_test" name="run_test_070" ratio_time="231615475123018.03" sim_time_ns="101000000000.0" time="0.0004360675811767578" />
    <testcase classname="adder_test" name="run_test_071" ratio_time="211389572854291.4" sim_time_ns="101000000000.0" time="0.00047779083251953125" />
    <testcase classname="adder_test" name="run_test_072" ratio_time="239878088335220.84" sim_time_ns="101000000000.0" time="0.0004210472106933594" />
    <testcase classname="adder_test" name="run_test_073" ratio_time="218588598555211.56" sim_time_ns="101000000000.0" time="0.0004620552062988281" />
    <testcase classname="adder_test" name="run_test_074" ratio_time="217243437948717.94" sim_time_ns="101000000000.0" time="0.0004649162292480469" />
    <testcase classname="adder_test" name="run_test_075" ratio_time="244023447004608.28" sim_time_ns="101000000000.0" time="0.0004138946533203125" />
    <testcase classname="adder_test" name="run_test_076" ratio_time="221909221581980.1" sim_time_ns="101000000000.0" time="0.0004551410675048828" />
    <testcase classname="adder_test" name="run_test_077" ratio_time="251260204033214.72" sim_time_ns="101000000000.0" time="0.0004019737243652344" />
    <testcase classname="adder_test" name="run_test_078" ratio_time="240559173197047.12" sim_time_ns="101000000000.0" time="0.00041985511779785156" />
    <testcase classname="adder_test" name="run_test_079" ratio_time="224853876857749.47" sim_time_ns="101000000000.0" time="0.00044918060302734375" />
    <testcase classname="adder_test" name="run_test_080" ratio_time="234305699115044.25" sim_time_ns="101000000000.0" time="0.000431060791015625" />
    <testcase classname="adder_test" name="run_test_081" ratio_time="213090897384305.84" sim_time_ns="101000000000.0" time="0.00047397613525390625" />
    <testcase classname="adder_test" name="run_test_082" ratio_time="261013372766481.8" sim_time_ns="101000000000.0" time="0.00038695335388183594" />
    <testcase classname="adder_test" name="run_test_083" ratio_time="174474754530477.75" sim_time_ns="101000000000.0" time="0.0005788803100585938" />
    <testcase classname="adder_test" name="run_test_084" ratio_time="208271732546706.0" sim_time_ns="101000000000.0" time="0.0004849433898925781" />
    <testcase classname="adder_test" name="run_test_085" ratio_time="247011489212828.0" sim_time_ns="101000000000.0" time="0.0004088878631591797" />
    <testcase classname="adder_test" name="run_test_086" ratio_time="256276287961282.53" sim_time_ns="101000000000.0" time="0.0003941059112548828" />
    <testcase classname="adder_test" name="run_test_087" ratio_time="224377491525423.72" sim_time_ns="101000000000.0" time="0.00045013427734375" />
    <testcase classname="adder_test" name="run_test_088" ratio_time="249337671571512.66" sim_time_ns="101000000000.0" time="0.0004050731658935547" />
    <testcase classname="adder_test" name="run_test_089" ratio_time="247011489212828.0" sim_time_ns="101000000000.0" time="0.0004088878631591797" />
    <testcase classname="adder_test" name="run_test_090" ratio_time="237724300785634.12" sim_time_ns="101000000000.0" time="0.0004248619079589844" />
    <testcase classname="adder_test" name="run_test_091" ratio_time="227022885316184.34" sim_time_ns="101000000000.0" time="0.0004448890686035156" />
    <testcase classname="adder_test" name="run_test_092" ratio_time="276698043109079.03" sim_time_ns="101000000000.0" time="0.0003650188446044922" />
    <testcase classname="adder_test" name="run_test_093" ratio_time="240422646992054.47" sim_time_ns="101000000000.0" time="0.0004200935363769531" />
    <testcase classname="adder_test" name="run_test_094" ratio_time="258307746341463.4" sim_time_ns="101000000000.0" time="0.0003910064697265625" />
    <testcase classname="adder_test" name="run_test_095" ratio_time="233145131535498.06" sim_time_ns="101000000000.0" time="0.00043320655822753906" />
    <testcase classname="adder_test" name="run_test_096" ratio_time="248752028185554.9" sim_time_ns="101000000000.0" time="0.00040602684020996094" />
    <testcase classname="adder_test" name="run_test_097" ratio_time="240969683731513.1" sim_time_ns="101000000000.0" time="0.0004191398620605469" />
    <testcase classname="adder_test" name="run_test_098" ratio_time="228000378902045.22" sim_time_ns="101000000000.0" time="0.0004429817199707031" />
    <testcase classname="adder_test" name="run_test_099" ratio_time="218701447599380.5" sim_time_ns="101000000000.0" time="0.00046181678771972656" />
    <testcase classname="adder_test" name="run_test_100" ratio_time="226537274866310.16" sim_time_ns="101000000000.0" time="0.0004458427429199219" />
  </testsuite>
</testsuites>
