<?xml version='1.0' encoding='UTF-8'?>
<testsuites name="results">
  <testsuite name="all" package="all" tests="0">
    <property name="random_seed" value="1572879414" />
    <testcase classname="function_h_test" name="run_test_001" ratio_time="14165681457950.176" sim_time_ns="101000000000.0" time="0.0071299076080322266" />
    <testcase classname="function_h_test" name="run_test_002" ratio_time="110146828913156.53" sim_time_ns="101000000000.0" time="0.0009169578552246094" />
    <testcase classname="function_h_test" name="run_test_003" ratio_time="115052879956545.36" sim_time_ns="101000000000.0" time="0.0008778572082519531" />
    <testcase classname="function_h_test" name="run_test_004" ratio_time="116093369142230.75" sim_time_ns="101000000000.0" time="0.0008699893951416016" />
    <testcase classname="function_h_test" name="run_test_005" ratio_time="119263711711711.72" sim_time_ns="101000000000.0" time="0.00084686279296875" />
    <testcase classname="function_h_test" name="run_test_006" ratio_time="104469717385943.28" sim_time_ns="101000000000.0" time="0.0009667873382568359" />
    <testcase classname="function_h_test" name="run_test_007" ratio_time="116220769272976.69" sim_time_ns="101000000000.0" time="0.0008690357208251953" />
    <testcase classname="function_h_test" name="run_test_008" ratio_time="123469747595453.22" sim_time_ns="101000000000.0" time="0.0008180141448974609" />
    <testcase classname="function_h_test" name="run_test_009" ratio_time="118962286998034.27" sim_time_ns="101000000000.0" time="0.0008490085601806641" />
    <testcase classname="function_h_test" name="run_test_010" ratio_time="113602763207294.19" sim_time_ns="101000000000.0" time="0.0008890628814697266" />
    <testcase classname="function_h_test" name="run_test_011" ratio_time="113208098343132.02" sim_time_ns="101000000000.0" time="0.0008921623229980469" />
    <testcase classname="function_h_test" name="run_test_012" ratio_time="104547064165844.03" sim_time_ns="101000000000.0" time="0.0009660720825195312" />
    <testcase classname="function_h_test" name="run_test_013" ratio_time="114524115706947.83" sim_time_ns="101000000000.0" time="0.0008819103240966797" />
    <testcase classname="function_h_test" name="run_test_014" ratio_time="119364526345449.42" sim_time_ns="101000000000.0" time="0.0008461475372314453" />
    <testcase classname="function_h_test" name="run_test_015" ratio_time="116476410228210.06" sim_time_ns="101000000000.0" time="0.0008671283721923828" />
    <testcase classname="function_h_test" name="run_test_016" ratio_time="113359567567567.56" sim_time_ns="101000000000.0" time="0.0008909702301025391" />
    <testcase classname="function_h_test" name="run_test_017" ratio_time="117445163293595.78" sim_time_ns="101000000000.0" time="0.0008599758148193359" />
    <testcase classname="function_h_test" name="run_test_018" ratio_time="111216777106852.19" sim_time_ns="101000000000.0" time="0.0009081363677978516" />
    <testcase classname="function_h_test" name="run_test_019" ratio_time="121243475672581.56" sim_time_ns="101000000000.0" time="0.0008330345153808594" />
    <testcase classname="function_h_test" name="run_test_020" ratio_time="112337497745955.98" sim_time_ns="101000000000.0" time="0.0008990764617919922" />
    <testcase classname="function_h_test" name="run_test_021" ratio_time="113755291084855.0" sim_time_ns="101000000000.0" time="0.0008878707885742188" />
    <testcase classname="function_h_test" name="run_test_022" ratio_time="119129556805399.33" sim_time_ns="101000000000.0" time="0.0008478164672851562" />
    <testcase classname="function_h_test" name="run_test_023" ratio_time="112337497745955.98" sim_time_ns="101000000000.0" time="0.0008990764617919922" />
    <testcase classname="function_h_test" name="run_test_024" ratio_time="109690498187467.64" sim_time_ns="101000000000.0" time="0.0009207725524902344" />
    <testcase classname="function_h_test" name="run_test_025" ratio_time="118695630148500.98" sim_time_ns="101000000000.0" time="0.0008509159088134766" />
    <testcase classname="function_h_test" name="run_test_026" ratio_time="115178005437737.9" sim_time_ns="101000000000.0" time="0.0008769035339355469" />
    <testcase classname="function_h_test" name="run_test_027" ratio_time="116348449327107.94" sim_time_ns="101000000000.0" time="0.0008680820465087891" />
    <testcase classname="function_h_test" name="run_test_028" ratio_time="129509233873433.2" sim_time_ns="101000000000.0" time="0.0007798671722412109" />
    <testcase classname="function_h_test" name="run_test_029" ratio_time="117706225062517.36" sim_time_ns="101000000000.0" time="0.0008580684661865234" />
    <testcase classname="function_h_test" name="run_test_030" ratio_time="104572871883485.56" sim_time_ns="101000000000.0" time="0.0009658336639404297" />
    <testcase classname="function_h_test" name="run_test_031" ratio_time="108733240246406.58" sim_time_ns="101000000000.0" time="0.0009288787841796875" />
    <testcase classname="function_h_test" name="run_test_032" ratio_time="117023398895027.62" sim_time_ns="101000000000.0" time="0.0008630752563476562" />
    <testcase classname="function_h_test" name="run_test_033" ratio_time="114648093098782.14" sim_time_ns="101000000000.0" time="0.0008809566497802734" />
    <testcase classname="function_h_test" name="run_test_034" ratio_time="121836268047167.1" sim_time_ns="101000000000.0" time="0.0008289813995361328" />
    <testcase classname="function_h_test" name="run_test_035" ratio_time="111981153581813.38" sim_time_ns="101000000000.0" time="0.0009019374847412109" />
    <testcase classname="function_h_test" name="run_test_036" ratio_time="104883561277543.95" sim_time_ns="101000000000.0" time="0.0009629726409912109" />
    <testcase classname="function_h_test" name="run_test_037" ratio_time="123003688734030.2" sim_time_ns="101000000000.0" time="0.0008211135864257812" />
    <testcase classname="function_h_test" name="run_test_038" ratio_time="130346062769230.77" sim_time_ns="101000000000.0" time="0.0007748603820800781" />
    <testcase classname="function_h_test" name="run_test_039" ratio_time="119532930022573.36" sim_time_ns="101000000000.0" time="0.0008449554443359375" />
    <testcase classname="function_h_test" name="run_test_040" ratio_time="115807737561509.02" sim_time_ns="101000000000.0" time="0.0008721351623535156" />
    <testcase classname="function_h_test" name="run_test_041" ratio_time="111951560253699.78" sim_time_ns="101000000000.0" time="0.0009021759033203125" />
    <testcase classname="function_h_test" name="run_test_042" ratio_time="105300696992294.31" sim_time_ns="101000000000.0" time="0.0009591579437255859" />
    <testcase classname="function_h_test" name="run_test_043" ratio_time="116508444444444.44" sim_time_ns="101000000000.0" time="0.0008668899536132812" />
    <testcase classname="function_h_test" name="run_test_044" ratio_time="122860993039443.16" sim_time_ns="101000000000.0" time="0.0008220672607421875" />
    <testcase classname="function_h_test" name="run_test_045" ratio_time="121556586513629.84" sim_time_ns="101000000000.0" time="0.0008308887481689453" />
    <testcase classname="function_h_test" name="run_test_046" ratio_time="115681240851993.45" sim_time_ns="101000000000.0" time="0.0008730888366699219" />
    <testcase classname="function_h_test" name="run_test_047" ratio_time="115397631163170.8" sim_time_ns="101000000000.0" time="0.0008752346038818359" />
    <testcase classname="function_h_test" name="run_test_048" ratio_time="108928954487014.66" sim_time_ns="101000000000.0" time="0.0009272098541259766" />
    <testcase classname="function_h_test" name="run_test_049" ratio_time="123758312591294.19" sim_time_ns="101000000000.0" time="0.0008161067962646484" />
    <testcase classname="function_h_test" name="run_test_050" ratio_time="119398169109357.39" sim_time_ns="101000000000.0" time="0.0008459091186523438" />
    <testcase classname="function_h_test" name="run_test_051" ratio_time="105536797209765.81" sim_time_ns="101000000000.0" time="0.0009570121765136719" />
    <testcase classname="function_h_test" name="run_test_052" ratio_time="109322504258064.52" sim_time_ns="101000000000.0" time="0.0009238719940185547" />
    <testcase classname="function_h_test" name="run_test_053" ratio_time="110376421052631.58" sim_time_ns="101000000000.0" time="0.0009150505065917969" />
    <testcase classname="function_h_test" name="run_test_054" ratio_time="103046631963026.03" sim_time_ns="101000000000.0" time="0.0009801387786865234" />
    <testcase classname="function_h_test" name="run_test_055" ratio_time="121976591995393.03" sim_time_ns="101000000000.0" time="0.0008280277252197266" />
    <testcase classname="function_h_test" name="run_test_056" ratio_time="112099683514157.19" sim_time_ns="101000000000.0" time="0.0009009838104248047" />
    <testcase classname="function_h_test" name="run_test_057" ratio_time="118828808976157.08" sim_time_ns="101000000000.0" time="0.0008499622344970703" />
    <testcase classname="function_h_test" name="run_test_058" ratio_time="121521716580608.14" sim_time_ns="101000000000.0" time="0.0008311271667480469" />
    <testcase classname="function_h_test" name="run_test_059" ratio_time="119230144666479.03" sim_time_ns="101000000000.0" time="0.0008471012115478516" />
    <testcase classname="function_h_test" name="run_test_060" ratio_time="107002956302096.48" sim_time_ns="101000000000.0" time="0.0009438991546630859" />
    <testcase classname="function_h_test" name="run_test_061" ratio_time="112099683514157.19" sim_time_ns="101000000000.0" time="0.0009009838104248047" />
    <testcase classname="function_h_test" name="run_test_062" ratio_time="115178005437737.9" sim_time_ns="101000000000.0" time="0.0008769035339355469" />
    <testcase classname="function_h_test" name="run_test_063" ratio_time="113117410947930.58" sim_time_ns="101000000000.0" time="0.0008928775787353516" />
    <testcase classname="function_h_test" name="run_test_064" ratio_time="114000189451022.61" sim_time_ns="101000000000.0" time="0.0008859634399414062" />
    <testcase classname="function_h_test" name="run_test_065" ratio_time="121696266590060.33" sim_time_ns="101000000000.0" time="0.0008299350738525391" />
    <testcase classname="function_h_test" name="run_test_066" ratio_time="90267356488386.95" sim_time_ns="101000000000.0" time="0.0011188983917236328" />
    <testcase classname="function_h_test" name="run_test_067" ratio_time="120211323496027.23" sim_time_ns="101000000000.0" time="0.0008401870727539062" />
    <testcase classname="function_h_test" name="run_test_068" ratio_time="125481251184834.12" sim_time_ns="101000000000.0" time="0.000804901123046875" />
    <testcase classname="function_h_test" name="run_test_069" ratio_time="120656423810880.1" sim_time_ns="101000000000.0" time="0.0008370876312255859" />
    <testcase classname="function_h_test" name="run_test_070" ratio_time="114896854895579.06" sim_time_ns="101000000000.0" time="0.0008790493011474609" />
    <testcase classname="function_h_test" name="run_test_071" ratio_time="113481035092418.97" sim_time_ns="101000000000.0" time="0.0008900165557861328" />
    <testcase classname="function_h_test" name="run_test_072" ratio_time="105536797209765.81" sim_time_ns="101000000000.0" time="0.0009570121765136719" />
    <testcase classname="function_h_test" name="run_test_073" ratio_time="112966587733333.33" sim_time_ns="101000000000.0" time="0.0008940696716308594" />
    <testcase classname="function_h_test" name="run_test_074" ratio_time="118264853154662.2" sim_time_ns="101000000000.0" time="0.0008540153503417969" />
    <testcase classname="function_h_test" name="run_test_075" ratio_time="120382126740551.3" sim_time_ns="101000000000.0" time="0.0008389949798583984" />
    <testcase classname="function_h_test" name="run_test_076" ratio_time="116380413186813.19" sim_time_ns="101000000000.0" time="0.0008678436279296875" />
    <testcase classname="function_h_test" name="run_test_077" ratio_time="114772339203467.89" sim_time_ns="101000000000.0" time="0.0008800029754638672" />
    <testcase classname="function_h_test" name="run_test_078" ratio_time="108593874391181.75" sim_time_ns="101000000000.0" time="0.0009300708770751953" />
    <testcase classname="function_h_test" name="run_test_079" ratio_time="111981153581813.38" sim_time_ns="101000000000.0" time="0.0009019374847412109" />
    <testcase classname="function_h_test" name="run_test_080" ratio_time="113238359796845.77" sim_time_ns="101000000000.0" time="0.0008919239044189453" />
    <testcase classname="function_h_test" name="run_test_081" ratio_time="108510426229508.2" sim_time_ns="101000000000.0" time="0.0009307861328125" />
    <testcase classname="function_h_test" name="run_test_082" ratio_time="117837191655076.5" sim_time_ns="101000000000.0" time="0.0008571147918701172" />
    <testcase classname="function_h_test" name="run_test_083" ratio_time="121278186086458.62" sim_time_ns="101000000000.0" time="0.0008327960968017578" />
    <testcase classname="function_h_test" name="run_test_084" ratio_time="111715375527426.16" sim_time_ns="101000000000.0" time="0.000904083251953125" />
    <testcase classname="function_h_test" name="run_test_085" ratio_time="122434885549132.95" sim_time_ns="101000000000.0" time="0.0008249282836914062" />
    <testcase classname="function_h_test" name="run_test_086" ratio_time="120690798860398.86" sim_time_ns="101000000000.0" time="0.0008368492126464844" />
    <testcase classname="function_h_test" name="run_test_087" ratio_time="124376014092777.45" sim_time_ns="101000000000.0" time="0.0008120536804199219" />
    <testcase classname="function_h_test" name="run_test_088" ratio_time="124522252792475.02" sim_time_ns="101000000000.0" time="0.0008111000061035156" />
    <testcase classname="function_h_test" name="run_test_089" ratio_time="120656423810880.1" sim_time_ns="101000000000.0" time="0.0008370876312255859" />
    <testcase classname="function_h_test" name="run_test_090" ratio_time="104212719311193.11" sim_time_ns="101000000000.0" time="0.0009691715240478516" />
    <testcase classname="function_h_test" name="run_test_091" ratio_time="115839404976756.9" sim_time_ns="101000000000.0" time="0.0008718967437744141" />
    <testcase classname="function_h_test" name="run_test_092" ratio_time="118962286998034.27" sim_time_ns="101000000000.0" time="0.0008490085601806641" />
    <testcase classname="function_h_test" name="run_test_093" ratio_time="117706225062517.36" sim_time_ns="101000000000.0" time="0.0008580684661865234" />
    <testcase classname="function_h_test" name="run_test_094" ratio_time="124230118475073.31" sim_time_ns="101000000000.0" time="0.0008130073547363281" />
    <testcase classname="function_h_test" name="run_test_095" ratio_time="124852550545240.2" sim_time_ns="101000000000.0" time="0.0008089542388916016" />
    <testcase classname="function_h_test" name="run_test_096" ratio_time="103905985773853.33" sim_time_ns="101000000000.0" time="0.0009720325469970703" />
    <testcase classname="function_h_test" name="run_test_097" ratio_time="108371630596060.38" sim_time_ns="101000000000.0" time="0.0009319782257080078" />
    <testcase classname="function_h_test" name="run_test_098" ratio_time="115807737561509.02" sim_time_ns="101000000000.0" time="0.0008721351623535156" />
    <testcase classname="function_h_test" name="run_test_099" ratio_time="114928026044492.67" sim_time_ns="101000000000.0" time="0.0008788108825683594" />
    <testcase classname="function_h_test" name="run_test_100" ratio_time="111480185263157.89" sim_time_ns="101000000000.0" time="0.0009059906005859375" />
    <testcase classname="function_h_test" name="run_test_1000" ratio_time="55586498359795.305" sim_time_ns="101000000000.0" time="0.0018169879913330078" />
    <testcase classname="function_h_test" name="run_test_101" ratio_time="56460709582833.53" sim_time_ns="101000000000.0" time="0.0017888545989990234" />
    <testcase classname="function_h_test" name="run_test_102" ratio_time="121696266590060.33" sim_time_ns="101000000000.0" time="0.0008299350738525391" />
    <testcase classname="function_h_test" name="run_test_103" ratio_time="122860993039443.16" sim_time_ns="101000000000.0" time="0.0008220672607421875" />
    <testcase classname="function_h_test" name="run_test_104" ratio_time="123939351667641.89" sim_time_ns="101000000000.0" time="0.0008149147033691406" />
    <testcase classname="function_h_test" name="run_test_105" ratio_time="126871729260257.56" sim_time_ns="101000000000.0" time="0.0007960796356201172" />
    <testcase classname="function_h_test" name="run_test_106" ratio_time="112726105375199.58" sim_time_ns="101000000000.0" time="0.0008959770202636719" />
    <testcase classname="function_h_test" name="run_test_107" ratio_time="106867987891019.17" sim_time_ns="101000000000.0" time="0.0009450912475585938" />
    <testcase classname="function_h_test" name="run_test_108" ratio_time="127214625825825.83" sim_time_ns="101000000000.0" time="0.0007939338684082031" />
    <testcase classname="function_h_test" name="run_test_109" ratio_time="114000189451022.61" sim_time_ns="101000000000.0" time="0.0008859634399414062" />
    <testcase classname="function_h_test" name="run_test_110" ratio_time="119532930022573.36" sim_time_ns="101000000000.0" time="0.0008449554443359375" />
    <testcase classname="function_h_test" name="run_test_111" ratio_time="111597656480505.8" sim_time_ns="101000000000.0" time="0.0009050369262695312" />
    <testcase classname="function_h_test" name="run_test_112" ratio_time="127023899250374.81" sim_time_ns="101000000000.0" time="0.0007951259613037109" />
    <testcase classname="function_h_test" name="run_test_113" ratio_time="108733240246406.58" sim_time_ns="101000000000.0" time="0.0009288787841796875" />
    <testcase classname="function_h_test" name="run_test_114" ratio_time="115839404976756.9" sim_time_ns="101000000000.0" time="0.0008718967437744141" />
    <testcase classname="function_h_test" name="run_test_115" ratio_time="121696266590060.33" sim_time_ns="101000000000.0" time="0.0008299350738525391" />
    <testcase classname="function_h_test" name="run_test_116" ratio_time="119230144666479.03" sim_time_ns="101000000000.0" time="0.0008471012115478516" />
    <testcase classname="function_h_test" name="run_test_117" ratio_time="122152452133794.69" sim_time_ns="101000000000.0" time="0.0008268356323242188" />
    <testcase classname="function_h_test" name="run_test_118" ratio_time="127061998800239.95" sim_time_ns="101000000000.0" time="0.0007948875427246094" />
    <testcase classname="function_h_test" name="run_test_119" ratio_time="102324807729468.6" sim_time_ns="101000000000.0" time="0.0009870529174804688" />
    <testcase classname="function_h_test" name="run_test_120" ratio_time="120656423810880.1" sim_time_ns="101000000000.0" time="0.0008370876312255859" />
    <testcase classname="function_h_test" name="run_test_121" ratio_time="104238362204724.4" sim_time_ns="101000000000.0" time="0.00096893310546875" />
    <testcase classname="function_h_test" name="run_test_122" ratio_time="117869978853644.97" sim_time_ns="101000000000.0" time="0.0008568763732910156" />
    <testcase classname="function_h_test" name="run_test_123" ratio_time="121696266590060.33" sim_time_ns="101000000000.0" time="0.0008299350738525391" />
    <testcase classname="function_h_test" name="run_test_124" ratio_time="123469747595453.22" sim_time_ns="101000000000.0" time="0.0008180141448974609" />
    <testcase classname="function_h_test" name="run_test_125" ratio_time="98908406257296.28" sim_time_ns="101000000000.0" time="0.0010211467742919922" />
    <testcase classname="function_h_test" name="run_test_126" ratio_time="110032390649350.66" sim_time_ns="101000000000.0" time="0.0009179115295410156" />
    <testcase classname="function_h_test" name="run_test_127" ratio_time="112456783647464.83" sim_time_ns="101000000000.0" time="0.0008981227874755859" />
    <testcase classname="function_h_test" name="run_test_128" ratio_time="117575549264501.8" sim_time_ns="101000000000.0" time="0.0008590221405029297" />
    <testcase classname="function_h_test" name="run_test_129" ratio_time="106091836714249.94" sim_time_ns="101000000000.0" time="0.0009520053863525391" />
    <testcase classname="function_h_test" name="run_test_130" ratio_time="115303403375068.05" sim_time_ns="101000000000.0" time="0.0008759498596191406" />
    <testcase classname="function_h_test" name="run_test_131" ratio_time="92152426365020.67" sim_time_ns="101000000000.0" time="0.0010960102081298828" />
    <testcase classname="function_h_test" name="run_test_132" ratio_time="114276963582411.66" sim_time_ns="101000000000.0" time="0.0008838176727294922" />
    <testcase classname="function_h_test" name="run_test_133" ratio_time="112099683514157.19" sim_time_ns="101000000000.0" time="0.0009009838104248047" />
    <testcase classname="function_h_test" name="run_test_134" ratio_time="108844990750256.94" sim_time_ns="101000000000.0" time="0.0009279251098632812" />
    <testcase classname="function_h_test" name="run_test_135" ratio_time="112726105375199.58" sim_time_ns="101000000000.0" time="0.0008959770202636719" />
    <testcase classname="function_h_test" name="run_test_136" ratio_time="107573566277298.12" sim_time_ns="101000000000.0" time="0.0009388923645019531" />
    <testcase classname="function_h_test" name="run_test_137" ratio_time="97295522278364.72" sim_time_ns="101000000000.0" time="0.0010380744934082031" />
    <testcase classname="function_h_test" name="run_test_138" ratio_time="116476410228210.06" sim_time_ns="101000000000.0" time="0.0008671283721923828" />
    <testcase classname="function_h_test" name="run_test_139" ratio_time="109548669252650.64" sim_time_ns="101000000000.0" time="0.0009219646453857422" />
    <testcase classname="function_h_test" name="run_test_140" ratio_time="122011723502304.14" sim_time_ns="101000000000.0" time="0.000827789306640625" />
    <testcase classname="function_h_test" name="run_test_141" ratio_time="111862874042777.92" sim_time_ns="101000000000.0" time="0.0009028911590576172" />
    <testcase classname="function_h_test" name="run_test_142" ratio_time="124999912658601.36" sim_time_ns="101000000000.0" time="0.0008080005645751953" />
    <testcase classname="function_h_test" name="run_test_143" ratio_time="110261505465903.17" sim_time_ns="101000000000.0" time="0.0009160041809082031" />
    <testcase classname="function_h_test" name="run_test_144" ratio_time="121521716580608.14" sim_time_ns="101000000000.0" time="0.0008311271667480469" />
    <testcase classname="function_h_test" name="run_test_145" ratio_time="124048229575402.64" sim_time_ns="101000000000.0" time="0.0008141994476318359" />
    <testcase classname="function_h_test" name="run_test_146" ratio_time="118828808976157.08" sim_time_ns="101000000000.0" time="0.0008499622344970703" />
    <testcase classname="function_h_test" name="run_test_147" ratio_time="124084564733450.5" sim_time_ns="101000000000.0" time="0.0008139610290527344" />
    <testcase classname="function_h_test" name="run_test_148" ratio_time="128683081409477.52" sim_time_ns="101000000000.0" time="0.0007848739624023438" />
    <testcase classname="function_h_test" name="run_test_149" ratio_time="104572871883485.56" sim_time_ns="101000000000.0" time="0.0009658336639404297" />
    <testcase classname="function_h_test" name="run_test_150" ratio_time="124084564733450.5" sim_time_ns="101000000000.0" time="0.0008139610290527344" />
    <testcase classname="function_h_test" name="run_test_151" ratio_time="111744844104457.92" sim_time_ns="101000000000.0" time="0.0009038448333740234" />
    <testcase classname="function_h_test" name="run_test_152" ratio_time="123613861686606.36" sim_time_ns="101000000000.0" time="0.0008170604705810547" />
    <testcase classname="function_h_test" name="run_test_153" ratio_time="123758312591294.19" sim_time_ns="101000000000.0" time="0.0008161067962646484" />
    <testcase classname="function_h_test" name="run_test_154" ratio_time="122896635915288.66" sim_time_ns="101000000000.0" time="0.0008218288421630859" />
    <testcase classname="function_h_test" name="run_test_155" ratio_time="111100105953317.6" sim_time_ns="101000000000.0" time="0.0009090900421142578" />
    <testcase classname="function_h_test" name="run_test_156" ratio_time="120382126740551.3" sim_time_ns="101000000000.0" time="0.0008389949798583984" />
    <testcase classname="function_h_test" name="run_test_157" ratio_time="123758312591294.19" sim_time_ns="101000000000.0" time="0.0008161067962646484" />
    <testcase classname="function_h_test" name="run_test_158" ratio_time="126229053635280.1" sim_time_ns="101000000000.0" time="0.0008001327514648438" />
    <testcase classname="function_h_test" name="run_test_159" ratio_time="119230144666479.03" sim_time_ns="101000000000.0" time="0.0008471012115478516" />
    <testcase classname="function_h_test" name="run_test_160" ratio_time="118001310306406.69" sim_time_ns="101000000000.0" time="0.0008559226989746094" />
    <testcase classname="function_h_test" name="run_test_161" ratio_time="99512498003288.7" sim_time_ns="101000000000.0" time="0.0010149478912353516" />
    <testcase classname="function_h_test" name="run_test_162" ratio_time="125295682934043.19" sim_time_ns="101000000000.0" time="0.0008060932159423828" />
    <testcase classname="function_h_test" name="run_test_163" ratio_time="124852550545240.2" sim_time_ns="101000000000.0" time="0.0008089542388916016" />
    <testcase classname="function_h_test" name="run_test_164" ratio_time="123003688734030.2" sim_time_ns="101000000000.0" time="0.0008211135864257812" />
    <testcase classname="function_h_test" name="run_test_165" ratio_time="121976591995393.03" sim_time_ns="101000000000.0" time="0.0008280277252197266" />
    <testcase classname="function_h_test" name="run_test_166" ratio_time="117608191004997.22" sim_time_ns="101000000000.0" time="0.0008587837219238281" />
    <testcase classname="function_h_test" name="run_test_167" ratio_time="104110273777340.88" sim_time_ns="101000000000.0" time="0.0009701251983642578" />
    <testcase classname="function_h_test" name="run_test_168" ratio_time="123794478082992.4" sim_time_ns="101000000000.0" time="0.0008158683776855469" />
    <testcase classname="function_h_test" name="run_test_169" ratio_time="121696266590060.33" sim_time_ns="101000000000.0" time="0.0008299350738525391" />
    <testcase classname="function_h_test" name="run_test_170" ratio_time="125444093574178.27" sim_time_ns="101000000000.0" time="0.0008051395416259766" />
    <testcase classname="function_h_test" name="run_test_171" ratio_time="99024007480130.9" sim_time_ns="101000000000.0" time="0.0010199546813964844" />
    <testcase classname="function_h_test" name="run_test_172" ratio_time="112486644715878.92" sim_time_ns="101000000000.0" time="0.0008978843688964844" />
    <testcase classname="function_h_test" name="run_test_173" ratio_time="94749430552449.11" sim_time_ns="101000000000.0" time="0.001065969467163086" />
    <testcase classname="function_h_test" name="run_test_174" ratio_time="110751556601307.19" sim_time_ns="101000000000.0" time="0.0009119510650634766" />
    <testcase classname="function_h_test" name="run_test_175" ratio_time="110491576421491.92" sim_time_ns="101000000000.0" time="0.0009140968322753906" />
    <testcase classname="function_h_test" name="run_test_176" ratio_time="107111176738305.94" sim_time_ns="101000000000.0" time="0.0009429454803466797" />
    <testcase classname="function_h_test" name="run_test_177" ratio_time="115178005437737.9" sim_time_ns="101000000000.0" time="0.0008769035339355469" />
    <testcase classname="function_h_test" name="run_test_178" ratio_time="120690798860398.86" sim_time_ns="101000000000.0" time="0.0008368492126464844" />
    <testcase classname="function_h_test" name="run_test_179" ratio_time="97767067620586.2" sim_time_ns="101000000000.0" time="0.0010330677032470703" />
    <testcase classname="function_h_test" name="run_test_180" ratio_time="114369520518358.53" sim_time_ns="101000000000.0" time="0.0008831024169921875" />
    <testcase classname="function_h_test" name="run_test_181" ratio_time="103146993912831.75" sim_time_ns="101000000000.0" time="0.0009791851043701172" />
    <testcase classname="function_h_test" name="run_test_182" ratio_time="110751556601307.19" sim_time_ns="101000000000.0" time="0.0009119510650634766" />
    <testcase classname="function_h_test" name="run_test_183" ratio_time="113087214095034.7" sim_time_ns="101000000000.0" time="0.0008931159973144531" />
    <testcase classname="function_h_test" name="run_test_184" ratio_time="112486644715878.92" sim_time_ns="101000000000.0" time="0.0008978843688964844" />
    <testcase classname="function_h_test" name="run_test_185" ratio_time="101200359292881.03" sim_time_ns="101000000000.0" time="0.0009980201721191406" />
    <testcase classname="function_h_test" name="run_test_186" ratio_time="104753883283877.34" sim_time_ns="101000000000.0" time="0.0009641647338867188" />
    <testcase classname="function_h_test" name="run_test_187" ratio_time="114400406157169.86" sim_time_ns="101000000000.0" time="0.0008828639984130859" />
    <testcase classname="function_h_test" name="run_test_188" ratio_time="113969519504977.12" sim_time_ns="101000000000.0" time="0.0008862018585205078" />
    <testcase classname="function_h_test" name="run_test_189" ratio_time="108039965314970.67" sim_time_ns="101000000000.0" time="0.0009348392486572266" />
    <testcase classname="function_h_test" name="run_test_190" ratio_time="113117410947930.58" sim_time_ns="101000000000.0" time="0.0008928775787353516" />
    <testcase classname="function_h_test" name="run_test_191" ratio_time="90595531223267.75" sim_time_ns="101000000000.0" time="0.0011148452758789062" />
    <testcase classname="function_h_test" name="run_test_192" ratio_time="113724752751677.86" sim_time_ns="101000000000.0" time="0.0008881092071533203" />
    <testcase classname="function_h_test" name="run_test_193" ratio_time="113602763207294.19" sim_time_ns="101000000000.0" time="0.0008890628814697266" />
    <testcase classname="function_h_test" name="run_test_194" ratio_time="112218464635761.6" sim_time_ns="101000000000.0" time="0.0009000301361083984" />
    <testcase classname="function_h_test" name="run_test_195" ratio_time="115429074659400.55" sim_time_ns="101000000000.0" time="0.0008749961853027344" />
    <testcase classname="function_h_test" name="run_test_196" ratio_time="109069182286302.78" sim_time_ns="101000000000.0" time="0.0009260177612304688" />
    <testcase classname="function_h_test" name="run_test_197" ratio_time="99512498003288.7" sim_time_ns="101000000000.0" time="0.0010149478912353516" />
    <testcase classname="function_h_test" name="run_test_198" ratio_time="113329241305510.97" sim_time_ns="101000000000.0" time="0.0008912086486816406" />
    <testcase classname="function_h_test" name="run_test_199" ratio_time="108956971193415.64" sim_time_ns="101000000000.0" time="0.000926971435546875" />
    <testcase classname="function_h_test" name="run_test_200" ratio_time="113755291084855.0" sim_time_ns="101000000000.0" time="0.0008878707885742188" />
    <testcase classname="function_h_test" name="run_test_201" ratio_time="51978491288343.555" sim_time_ns="101000000000.0" time="0.0019431114196777344" />
    <testcase classname="function_h_test" name="run_test_202" ratio_time="112337497745955.98" sim_time_ns="101000000000.0" time="0.0008990764617919922" />
    <testcase classname="function_h_test" name="run_test_203" ratio_time="104008029462312.8" sim_time_ns="101000000000.0" time="0.0009710788726806641" />
    <testcase classname="function_h_test" name="run_test_204" ratio_time="99512498003288.7" sim_time_ns="101000000000.0" time="0.0010149478912353516" />
    <testcase classname="function_h_test" name="run_test_205" ratio_time="112846218433670.75" sim_time_ns="101000000000.0" time="0.0008950233459472656" />
    <testcase classname="function_h_test" name="run_test_206" ratio_time="115712839114995.9" sim_time_ns="101000000000.0" time="0.0008728504180908203" />
    <testcase classname="function_h_test" name="run_test_207" ratio_time="118529575825405.7" sim_time_ns="101000000000.0" time="0.0008521080017089844" />
    <testcase classname="function_h_test" name="run_test_208" ratio_time="122434885549132.95" sim_time_ns="101000000000.0" time="0.0008249282836914062" />
    <testcase classname="function_h_test" name="run_test_209" ratio_time="109662103028734.14" sim_time_ns="101000000000.0" time="0.0009210109710693359" />
    <testcase classname="function_h_test" name="run_test_210" ratio_time="95004418928010.77" sim_time_ns="101000000000.0" time="0.0010631084442138672" />
    <testcase classname="function_h_test" name="run_test_211" ratio_time="105117792555831.27" sim_time_ns="101000000000.0" time="0.0009608268737792969" />
    <testcase classname="function_h_test" name="run_test_212" ratio_time="115839404976756.9" sim_time_ns="101000000000.0" time="0.0008718967437744141" />
    <testcase classname="function_h_test" name="run_test_213" ratio_time="112966587733333.33" sim_time_ns="101000000000.0" time="0.0008940696716308594" />
    <testcase classname="function_h_test" name="run_test_214" ratio_time="109918189932537.62" sim_time_ns="101000000000.0" time="0.0009188652038574219" />
    <testcase classname="function_h_test" name="run_test_215" ratio_time="110405187385978.62" sim_time_ns="101000000000.0" time="0.0009148120880126953" />
    <testcase classname="function_h_test" name="run_test_216" ratio_time="113602763207294.19" sim_time_ns="101000000000.0" time="0.0008890628814697266" />
    <testcase classname="function_h_test" name="run_test_217" ratio_time="8458959744408.945" sim_time_ns="101000000000.0" time="0.01194000244140625" />
    <testcase classname="function_h_test" name="run_test_218" ratio_time="116093369142230.75" sim_time_ns="101000000000.0" time="0.0008699893951416016" />
    <testcase classname="function_h_test" name="run_test_219" ratio_time="116765353914002.2" sim_time_ns="101000000000.0" time="0.0008649826049804688" />
    <testcase classname="function_h_test" name="run_test_220" ratio_time="120931973736797.03" sim_time_ns="101000000000.0" time="0.0008351802825927734" />
    <testcase classname="function_h_test" name="run_test_221" ratio_time="110751556601307.19" sim_time_ns="101000000000.0" time="0.0009119510650634766" />
    <testcase classname="function_h_test" name="run_test_222" ratio_time="117023398895027.62" sim_time_ns="101000000000.0" time="0.0008630752563476562" />
    <testcase classname="function_h_test" name="run_test_223" ratio_time="116476410228210.06" sim_time_ns="101000000000.0" time="0.0008671283721923828" />
    <testcase classname="function_h_test" name="run_test_224" ratio_time="115681240851993.45" sim_time_ns="101000000000.0" time="0.0008730888366699219" />
    <testcase classname="function_h_test" name="run_test_225" ratio_time="124084564733450.5" sim_time_ns="101000000000.0" time="0.0008139610290527344" />
    <testcase classname="function_h_test" name="run_test_226" ratio_time="122896635915288.66" sim_time_ns="101000000000.0" time="0.0008218288421630859" />
    <testcase classname="function_h_test" name="run_test_227" ratio_time="120690798860398.86" sim_time_ns="101000000000.0" time="0.0008368492126464844" />
    <testcase classname="function_h_test" name="run_test_228" ratio_time="115839404976756.9" sim_time_ns="101000000000.0" time="0.0008718967437744141" />
    <testcase classname="function_h_test" name="run_test_229" ratio_time="123758312591294.19" sim_time_ns="101000000000.0" time="0.0008161067962646484" />
    <testcase classname="function_h_test" name="run_test_230" ratio_time="120966505996573.39" sim_time_ns="101000000000.0" time="0.0008349418640136719" />
    <testcase classname="function_h_test" name="run_test_231" ratio_time="112456783647464.83" sim_time_ns="101000000000.0" time="0.0008981227874755859" />
    <testcase classname="function_h_test" name="run_test_232" ratio_time="129667800428527.7" sim_time_ns="101000000000.0" time="0.0007789134979248047" />
    <testcase classname="function_h_test" name="run_test_233" ratio_time="121521716580608.14" sim_time_ns="101000000000.0" time="0.0008311271667480469" />
    <testcase classname="function_h_test" name="run_test_234" ratio_time="120966505996573.39" sim_time_ns="101000000000.0" time="0.0008349418640136719" />
    <testcase classname="function_h_test" name="run_test_235" ratio_time="105853249375312.34" sim_time_ns="101000000000.0" time="0.0009541511535644531" />
    <testcase classname="function_h_test" name="run_test_236" ratio_time="125295682934043.19" sim_time_ns="101000000000.0" time="0.0008060932159423828" />
    <testcase classname="function_h_test" name="run_test_237" ratio_time="127828818346409.17" sim_time_ns="101000000000.0" time="0.0007901191711425781" />
    <testcase classname="function_h_test" name="run_test_238" ratio_time="124230118475073.31" sim_time_ns="101000000000.0" time="0.0008130073547363281" />
    <testcase classname="function_h_test" name="run_test_239" ratio_time="103172114953726.25" sim_time_ns="101000000000.0" time="0.0009789466857910156" />
    <testcase classname="function_h_test" name="run_test_240" ratio_time="108817031595170.81" sim_time_ns="101000000000.0" time="0.0009281635284423828" />
    <testcase classname="function_h_test" name="run_test_241" ratio_time="90731356607410.58" sim_time_ns="101000000000.0" time="0.0011131763458251953" />
    <testcase classname="function_h_test" name="run_test_242" ratio_time="114246144552319.31" sim_time_ns="101000000000.0" time="0.0008840560913085938" />
    <testcase classname="function_h_test" name="run_test_243" ratio_time="110867496466893.48" sim_time_ns="101000000000.0" time="0.0009109973907470703" />
    <testcase classname="function_h_test" name="run_test_244" ratio_time="112846218433670.75" sim_time_ns="101000000000.0" time="0.0008950233459472656" />
    <testcase classname="function_h_test" name="run_test_245" ratio_time="112606247740563.53" sim_time_ns="101000000000.0" time="0.0008969306945800781" />
    <testcase classname="function_h_test" name="run_test_246" ratio_time="113481035092418.97" sim_time_ns="101000000000.0" time="0.0008900165557861328" />
    <testcase classname="function_h_test" name="run_test_247" ratio_time="116348449327107.94" sim_time_ns="101000000000.0" time="0.0008680820465087891" />
    <testcase classname="function_h_test" name="run_test_248" ratio_time="108705338465486.27" sim_time_ns="101000000000.0" time="0.0009291172027587891" />
    <testcase classname="function_h_test" name="run_test_249" ratio_time="110146828913156.53" sim_time_ns="101000000000.0" time="0.0009169578552246094" />
    <testcase classname="function_h_test" name="run_test_250" ratio_time="106652745216515.61" sim_time_ns="101000000000.0" time="0.0009469985961914062" />
    <testcase classname="function_h_test" name="run_test_251" ratio_time="101613025665627.25" sim_time_ns="101000000000.0" time="0.000993967056274414" />
    <testcase classname="function_h_test" name="run_test_252" ratio_time="115586549522510.23" sim_time_ns="101000000000.0" time="0.0008738040924072266" />
    <testcase classname="function_h_test" name="run_test_253" ratio_time="107902369842078.45" sim_time_ns="101000000000.0" time="0.0009360313415527344" />
    <testcase classname="function_h_test" name="run_test_254" ratio_time="106091836714249.94" sim_time_ns="101000000000.0" time="0.0009520053863525391" />
    <testcase classname="function_h_test" name="run_test_255" ratio_time="125295682934043.19" sim_time_ns="101000000000.0" time="0.0008060932159423828" />
    <testcase classname="function_h_test" name="run_test_256" ratio_time="124668835785756.33" sim_time_ns="101000000000.0" time="0.0008101463317871094" />
    <testcase classname="function_h_test" name="run_test_257" ratio_time="117445163293595.78" sim_time_ns="101000000000.0" time="0.0008599758148193359" />
    <testcase classname="function_h_test" name="run_test_258" ratio_time="128526912621359.22" sim_time_ns="101000000000.0" time="0.00078582763671875" />
    <testcase classname="function_h_test" name="run_test_259" ratio_time="119667995480225.98" sim_time_ns="101000000000.0" time="0.0008440017700195312" />
    <testcase classname="function_h_test" name="run_test_260" ratio_time="121104832475700.4" sim_time_ns="101000000000.0" time="0.0008339881896972656" />
    <testcase classname="function_h_test" name="run_test_261" ratio_time="100599549750653.05" sim_time_ns="101000000000.0" time="0.0010039806365966797" />
    <testcase classname="function_h_test" name="run_test_262" ratio_time="128487929632999.7" sim_time_ns="101000000000.0" time="0.0007860660552978516" />
    <testcase classname="function_h_test" name="run_test_263" ratio_time="121382436676217.77" sim_time_ns="101000000000.0" time="0.0008320808410644531" />
    <testcase classname="function_h_test" name="run_test_264" ratio_time="121696266590060.33" sim_time_ns="101000000000.0" time="0.0008299350738525391" />
    <testcase classname="function_h_test" name="run_test_265" ratio_time="119532930022573.36" sim_time_ns="101000000000.0" time="0.0008449554443359375" />
    <testcase classname="function_h_test" name="run_test_266" ratio_time="126719923422075.98" sim_time_ns="101000000000.0" time="0.0007970333099365234" />
    <testcase classname="function_h_test" name="run_test_267" ratio_time="109662103028734.14" sim_time_ns="101000000000.0" time="0.0009210109710693359" />
    <testcase classname="function_h_test" name="run_test_268" ratio_time="130145838402457.75" sim_time_ns="101000000000.0" time="0.0007760524749755859" />
    <testcase classname="function_h_test" name="run_test_269" ratio_time="119263711711711.72" sim_time_ns="101000000000.0" time="0.00084686279296875" />
    <testcase classname="function_h_test" name="run_test_270" ratio_time="119263711711711.72" sim_time_ns="101000000000.0" time="0.00084686279296875" />
    <testcase classname="function_h_test" name="run_test_271" ratio_time="108705338465486.27" sim_time_ns="101000000000.0" time="0.0009291172027587891" />
    <testcase classname="function_h_test" name="run_test_272" ratio_time="122541135088226.78" sim_time_ns="101000000000.0" time="0.0008242130279541016" />
    <testcase classname="function_h_test" name="run_test_273" ratio_time="115839404976756.9" sim_time_ns="101000000000.0" time="0.0008718967437744141" />
    <testcase classname="function_h_test" name="run_test_274" ratio_time="103373524646168.86" sim_time_ns="101000000000.0" time="0.0009770393371582031" />
    <testcase classname="function_h_test" name="run_test_275" ratio_time="120794041631023.67" sim_time_ns="101000000000.0" time="0.0008361339569091797" />
    <testcase classname="function_h_test" name="run_test_276" ratio_time="127214625825825.83" sim_time_ns="101000000000.0" time="0.0007939338684082031" />
    <testcase classname="function_h_test" name="run_test_277" ratio_time="126719923422075.98" sim_time_ns="101000000000.0" time="0.0007970333099365234" />
    <testcase classname="function_h_test" name="run_test_278" ratio_time="133593410280668.56" sim_time_ns="101000000000.0" time="0.0007560253143310547" />
    <testcase classname="function_h_test" name="run_test_279" ratio_time="122576592592592.6" sim_time_ns="101000000000.0" time="0.000823974609375" />
    <testcase classname="function_h_test" name="run_test_280" ratio_time="106331502008032.12" sim_time_ns="101000000000.0" time="0.000949859619140625" />
    <testcase classname="function_h_test" name="run_test_281" ratio_time="112876286703970.16" sim_time_ns="101000000000.0" time="0.0008947849273681641" />
    <testcase classname="function_h_test" name="run_test_282" ratio_time="126719923422075.98" sim_time_ns="101000000000.0" time="0.0007970333099365234" />
    <testcase classname="function_h_test" name="run_test_283" ratio_time="121836268047167.1" sim_time_ns="101000000000.0" time="0.0008289813995361328" />
    <testcase classname="function_h_test" name="run_test_284" ratio_time="122117239550302.69" sim_time_ns="101000000000.0" time="0.0008270740509033203" />
    <testcase classname="function_h_test" name="run_test_285" ratio_time="120519119203413.94" sim_time_ns="101000000000.0" time="0.0008380413055419922" />
    <testcase classname="function_h_test" name="run_test_286" ratio_time="120656423810880.1" sim_time_ns="101000000000.0" time="0.0008370876312255859" />
    <testcase classname="function_h_test" name="run_test_287" ratio_time="110635858971010.7" sim_time_ns="101000000000.0" time="0.0009129047393798828" />
    <testcase classname="function_h_test" name="run_test_288" ratio_time="128644003644093.53" sim_time_ns="101000000000.0" time="0.0007851123809814453" />
    <testcase classname="function_h_test" name="run_test_289" ratio_time="114400406157169.86" sim_time_ns="101000000000.0" time="0.0008828639984130859" />
    <testcase classname="function_h_test" name="run_test_290" ratio_time="115934511220580.19" sim_time_ns="101000000000.0" time="0.0008711814880371094" />
    <testcase classname="function_h_test" name="run_test_291" ratio_time="109548669252650.64" sim_time_ns="101000000000.0" time="0.0009219646453857422" />
    <testcase classname="function_h_test" name="run_test_292" ratio_time="123469747595453.22" sim_time_ns="101000000000.0" time="0.0008180141448974609" />
    <testcase classname="function_h_test" name="run_test_293" ratio_time="98724004660918.2" sim_time_ns="101000000000.0" time="0.0010230541229248047" />
    <testcase classname="function_h_test" name="run_test_294" ratio_time="122399509968217.28" sim_time_ns="101000000000.0" time="0.0008251667022705078" />
    <testcase classname="function_h_test" name="run_test_295" ratio_time="122117239550302.69" sim_time_ns="101000000000.0" time="0.0008270740509033203" />
    <testcase classname="function_h_test" name="run_test_296" ratio_time="125184605200945.62" sim_time_ns="101000000000.0" time="0.0008068084716796875" />
    <testcase classname="function_h_test" name="run_test_297" ratio_time="121696266590060.33" sim_time_ns="101000000000.0" time="0.0008299350738525391" />
    <testcase classname="function_h_test" name="run_test_298" ratio_time="132548405506883.61" sim_time_ns="101000000000.0" time="0.0007619857788085938" />
    <testcase classname="function_h_test" name="run_test_299" ratio_time="119096065223502.95" sim_time_ns="101000000000.0" time="0.0008480548858642578" />
    <testcase classname="function_h_test" name="run_test_300" ratio_time="108371630596060.38" sim_time_ns="101000000000.0" time="0.0009319782257080078" />
    <testcase classname="function_h_test" name="run_test_301" ratio_time="59273080173499.37" sim_time_ns="101000000000.0" time="0.0017039775848388672" />
    <testcase classname="function_h_test" name="run_test_302" ratio_time="121243475672581.56" sim_time_ns="101000000000.0" time="0.0008330345153808594" />
    <testcase classname="function_h_test" name="run_test_303" ratio_time="120382126740551.3" sim_time_ns="101000000000.0" time="0.0008389949798583984" />
    <testcase classname="function_h_test" name="run_test_304" ratio_time="111951560253699.78" sim_time_ns="101000000000.0" time="0.0009021759033203125" />
    <testcase classname="function_h_test" name="run_test_305" ratio_time="124376014092777.45" sim_time_ns="101000000000.0" time="0.0008120536804199219" />
    <testcase classname="function_h_test" name="run_test_306" ratio_time="111362961093585.7" sim_time_ns="101000000000.0" time="0.0009069442749023438" />
    <testcase classname="function_h_test" name="run_test_307" ratio_time="131847091192032.38" sim_time_ns="101000000000.0" time="0.0007660388946533203" />
    <testcase classname="function_h_test" name="run_test_308" ratio_time="130466493378503.23" sim_time_ns="101000000000.0" time="0.0007741451263427734" />
    <testcase classname="function_h_test" name="run_test_309" ratio_time="126871729260257.56" sim_time_ns="101000000000.0" time="0.0007960796356201172" />
    <testcase classname="function_h_test" name="run_test_310" ratio_time="125592856211088.05" sim_time_ns="101000000000.0" time="0.0008041858673095703" />
    <testcase classname="function_h_test" name="run_test_311" ratio_time="119364526345449.42" sim_time_ns="101000000000.0" time="0.0008461475372314453" />
    <testcase classname="function_h_test" name="run_test_312" ratio_time="127214625825825.83" sim_time_ns="101000000000.0" time="0.0007939338684082031" />
    <testcase classname="function_h_test" name="run_test_313" ratio_time="108844990750256.94" sim_time_ns="101000000000.0" time="0.0009279251098632812" />
    <testcase classname="function_h_test" name="run_test_314" ratio_time="123613861686606.36" sim_time_ns="101000000000.0" time="0.0008170604705810547" />
    <testcase classname="function_h_test" name="run_test_315" ratio_time="124852550545240.2" sim_time_ns="101000000000.0" time="0.0008089542388916016" />
    <testcase classname="function_h_test" name="run_test_316" ratio_time="118132934746235.36" sim_time_ns="101000000000.0" time="0.0008549690246582031" />
    <testcase classname="function_h_test" name="run_test_317" ratio_time="128138143980641.27" sim_time_ns="101000000000.0" time="0.0007882118225097656" />
    <testcase classname="function_h_test" name="run_test_318" ratio_time="130667706354102.4" sim_time_ns="101000000000.0" time="0.0007729530334472656" />
    <testcase classname="function_h_test" name="run_test_319" ratio_time="109294299277605.78" sim_time_ns="101000000000.0" time="0.0009241104125976562" />
    <testcase classname="function_h_test" name="run_test_320" ratio_time="121104832475700.4" sim_time_ns="101000000000.0" time="0.0008339881896972656" />
    <testcase classname="function_h_test" name="run_test_321" ratio_time="111627062977602.11" sim_time_ns="101000000000.0" time="0.0009047985076904297" />
    <testcase classname="function_h_test" name="run_test_322" ratio_time="124230118475073.31" sim_time_ns="101000000000.0" time="0.0008130073547363281" />
    <testcase classname="function_h_test" name="run_test_323" ratio_time="118695630148500.98" sim_time_ns="101000000000.0" time="0.0008509159088134766" />
    <testcase classname="function_h_test" name="run_test_324" ratio_time="119667995480225.98" sim_time_ns="101000000000.0" time="0.0008440017700195312" />
    <testcase classname="function_h_test" name="run_test_325" ratio_time="128487929632999.7" sim_time_ns="101000000000.0" time="0.0007860660552978516" />
    <testcase classname="function_h_test" name="run_test_326" ratio_time="107929860891719.75" sim_time_ns="101000000000.0" time="0.0009357929229736328" />
    <testcase classname="function_h_test" name="run_test_327" ratio_time="130506686383240.9" sim_time_ns="101000000000.0" time="0.0007739067077636719" />
    <testcase classname="function_h_test" name="run_test_328" ratio_time="133047959798994.97" sim_time_ns="101000000000.0" time="0.000759124755859375" />
    <testcase classname="function_h_test" name="run_test_329" ratio_time="123794478082992.4" sim_time_ns="101000000000.0" time="0.0008158683776855469" />
    <testcase classname="function_h_test" name="run_test_330" ratio_time="125332752662721.89" sim_time_ns="101000000000.0" time="0.0008058547973632812" />
    <testcase classname="function_h_test" name="run_test_331" ratio_time="115966248015329.86" sim_time_ns="101000000000.0" time="0.0008709430694580078" />
    <testcase classname="function_h_test" name="run_test_332" ratio_time="107111176738305.94" sim_time_ns="101000000000.0" time="0.0009429454803466797" />
    <testcase classname="function_h_test" name="run_test_333" ratio_time="123290076833527.36" sim_time_ns="101000000000.0" time="0.0008192062377929688" />
    <testcase classname="function_h_test" name="run_test_334" ratio_time="121104832475700.4" sim_time_ns="101000000000.0" time="0.0008339881896972656" />
    <testcase classname="function_h_test" name="run_test_335" ratio_time="125295682934043.19" sim_time_ns="101000000000.0" time="0.0008060932159423828" />
    <testcase classname="function_h_test" name="run_test_336" ratio_time="107328275652394.22" sim_time_ns="101000000000.0" time="0.0009410381317138672" />
    <testcase classname="function_h_test" name="run_test_337" ratio_time="114369520518358.53" sim_time_ns="101000000000.0" time="0.0008831024169921875" />
    <testcase classname="function_h_test" name="run_test_338" ratio_time="116348449327107.94" sim_time_ns="101000000000.0" time="0.0008680820465087891" />
    <testcase classname="function_h_test" name="run_test_339" ratio_time="98174902433371.95" sim_time_ns="101000000000.0" time="0.0010287761688232422" />
    <testcase classname="function_h_test" name="run_test_340" ratio_time="121556586513629.84" sim_time_ns="101000000000.0" time="0.0008308887481689453" />
    <testcase classname="function_h_test" name="run_test_341" ratio_time="116508444444444.44" sim_time_ns="101000000000.0" time="0.0008668899536132812" />
    <testcase classname="function_h_test" name="run_test_342" ratio_time="127023899250374.81" sim_time_ns="101000000000.0" time="0.0007951259613037109" />
    <testcase classname="function_h_test" name="run_test_343" ratio_time="121417226712525.08" sim_time_ns="101000000000.0" time="0.0008318424224853516" />
    <testcase classname="function_h_test" name="run_test_344" ratio_time="125928865636147.44" sim_time_ns="101000000000.0" time="0.0008020401000976562" />
    <testcase classname="function_h_test" name="run_test_345" ratio_time="113481035092418.97" sim_time_ns="101000000000.0" time="0.0008900165557861328" />
    <testcase classname="function_h_test" name="run_test_346" ratio_time="121104832475700.4" sim_time_ns="101000000000.0" time="0.0008339881896972656" />
    <testcase classname="function_h_test" name="run_test_347" ratio_time="131642232442510.88" sim_time_ns="101000000000.0" time="0.0007672309875488281" />
    <testcase classname="function_h_test" name="run_test_348" ratio_time="125928865636147.44" sim_time_ns="101000000000.0" time="0.0008020401000976562" />
    <testcase classname="function_h_test" name="run_test_349" ratio_time="125592856211088.05" sim_time_ns="101000000000.0" time="0.0008041858673095703" />
    <testcase classname="function_h_test" name="run_test_350" ratio_time="126417398985377.5" sim_time_ns="101000000000.0" time="0.0007989406585693359" />
    <testcase classname="function_h_test" name="run_test_351" ratio_time="116636757709251.1" sim_time_ns="101000000000.0" time="0.000865936279296875" />
    <testcase classname="function_h_test" name="run_test_352" ratio_time="110606972323759.8" sim_time_ns="101000000000.0" time="0.0009131431579589844" />
    <testcase classname="function_h_test" name="run_test_353" ratio_time="120382126740551.3" sim_time_ns="101000000000.0" time="0.0008389949798583984" />
    <testcase classname="function_h_test" name="run_test_354" ratio_time="123039414464130.12" sim_time_ns="101000000000.0" time="0.0008208751678466797" />
    <testcase classname="function_h_test" name="run_test_355" ratio_time="127329336940186.36" sim_time_ns="101000000000.0" time="0.0007932186126708984" />
    <testcase classname="function_h_test" name="run_test_356" ratio_time="117706225062517.36" sim_time_ns="101000000000.0" time="0.0008580684661865234" />
    <testcase classname="function_h_test" name="run_test_357" ratio_time="129986101258054.62" sim_time_ns="101000000000.0" time="0.0007770061492919922" />
    <testcase classname="function_h_test" name="run_test_358" ratio_time="113724752751677.86" sim_time_ns="101000000000.0" time="0.0008881092071533203" />
    <testcase classname="function_h_test" name="run_test_359" ratio_time="126871729260257.56" sim_time_ns="101000000000.0" time="0.0007960796356201172" />
    <testcase classname="function_h_test" name="run_test_360" ratio_time="123939351667641.89" sim_time_ns="101000000000.0" time="0.0008149147033691406" />
    <testcase classname="function_h_test" name="run_test_361" ratio_time="118132934746235.36" sim_time_ns="101000000000.0" time="0.0008549690246582031" />
    <testcase classname="function_h_test" name="run_test_362" ratio_time="125332752662721.89" sim_time_ns="101000000000.0" time="0.0008058547973632812" />
    <testcase classname="function_h_test" name="run_test_363" ratio_time="121696266590060.33" sim_time_ns="101000000000.0" time="0.0008299350738525391" />
    <testcase classname="function_h_test" name="run_test_364" ratio_time="120382126740551.3" sim_time_ns="101000000000.0" time="0.0008389949798583984" />
    <testcase classname="function_h_test" name="run_test_365" ratio_time="111744844104457.92" sim_time_ns="101000000000.0" time="0.0009038448333740234" />
    <testcase classname="function_h_test" name="run_test_366" ratio_time="124084564733450.5" sim_time_ns="101000000000.0" time="0.0008139610290527344" />
    <testcase classname="function_h_test" name="run_test_367" ratio_time="131847091192032.38" sim_time_ns="101000000000.0" time="0.0007660388946533203" />
    <testcase classname="function_h_test" name="run_test_368" ratio_time="130346062769230.77" sim_time_ns="101000000000.0" time="0.0007748603820800781" />
    <testcase classname="function_h_test" name="run_test_369" ratio_time="122718628041714.95" sim_time_ns="101000000000.0" time="0.0008230209350585938" />
    <testcase classname="function_h_test" name="run_test_370" ratio_time="124230118475073.31" sim_time_ns="101000000000.0" time="0.0008130073547363281" />
    <testcase classname="function_h_test" name="run_test_371" ratio_time="91733370290168.9" sim_time_ns="101000000000.0" time="0.0011010169982910156" />
    <testcase classname="function_h_test" name="run_test_372" ratio_time="113847004568664.34" sim_time_ns="101000000000.0" time="0.0008871555328369141" />
    <testcase classname="function_h_test" name="run_test_373" ratio_time="118397066517607.61" sim_time_ns="101000000000.0" time="0.0008530616760253906" />
    <testcase classname="function_h_test" name="run_test_374" ratio_time="120966505996573.39" sim_time_ns="101000000000.0" time="0.0008349418640136719" />
    <testcase classname="function_h_test" name="run_test_375" ratio_time="127367619963920.62" sim_time_ns="101000000000.0" time="0.0007929801940917969" />
    <testcase classname="function_h_test" name="run_test_376" ratio_time="118828808976157.08" sim_time_ns="101000000000.0" time="0.0008499622344970703" />
    <testcase classname="function_h_test" name="run_test_377" ratio_time="132011437831100.03" sim_time_ns="101000000000.0" time="0.0007650852203369141" />
    <testcase classname="function_h_test" name="run_test_378" ratio_time="118695630148500.98" sim_time_ns="101000000000.0" time="0.0008509159088134766" />
    <testcase classname="function_h_test" name="run_test_379" ratio_time="123903101491664.23" sim_time_ns="101000000000.0" time="0.0008151531219482422" />
    <testcase classname="function_h_test" name="run_test_380" ratio_time="127713205908953.88" sim_time_ns="101000000000.0" time="0.0007908344268798828" />
    <testcase classname="function_h_test" name="run_test_381" ratio_time="115712839114995.9" sim_time_ns="101000000000.0" time="0.0008728504180908203" />
    <testcase classname="function_h_test" name="run_test_382" ratio_time="123649942790426.16" sim_time_ns="101000000000.0" time="0.0008168220520019531" />
    <testcase classname="function_h_test" name="run_test_383" ratio_time="121243475672581.56" sim_time_ns="101000000000.0" time="0.0008330345153808594" />
    <testcase classname="function_h_test" name="run_test_384" ratio_time="107464409944190.77" sim_time_ns="101000000000.0" time="0.0009398460388183594" />
    <testcase classname="function_h_test" name="run_test_385" ratio_time="126871729260257.56" sim_time_ns="101000000000.0" time="0.0007960796356201172" />
    <testcase classname="function_h_test" name="run_test_386" ratio_time="120656423810880.1" sim_time_ns="101000000000.0" time="0.0008370876312255859" />
    <testcase classname="function_h_test" name="run_test_387" ratio_time="127329336940186.36" sim_time_ns="101000000000.0" time="0.0007932186126708984" />
    <testcase classname="function_h_test" name="run_test_388" ratio_time="122576592592592.6" sim_time_ns="101000000000.0" time="0.000823974609375" />
    <testcase classname="function_h_test" name="run_test_389" ratio_time="125184605200945.62" sim_time_ns="101000000000.0" time="0.0008068084716796875" />
    <testcase classname="function_h_test" name="run_test_390" ratio_time="119096065223502.95" sim_time_ns="101000000000.0" time="0.0008480548858642578" />
    <testcase classname="function_h_test" name="run_test_391" ratio_time="103071704136253.05" sim_time_ns="101000000000.0" time="0.0009799003601074219" />
    <testcase classname="function_h_test" name="run_test_392" ratio_time="124084564733450.5" sim_time_ns="101000000000.0" time="0.0008139610290527344" />
    <testcase classname="function_h_test" name="run_test_393" ratio_time="123325969141193.6" sim_time_ns="101000000000.0" time="0.0008189678192138672" />
    <testcase classname="function_h_test" name="run_test_394" ratio_time="124705535472475.72" sim_time_ns="101000000000.0" time="0.0008099079132080078" />
    <testcase classname="function_h_test" name="run_test_395" ratio_time="126568480430236.03" sim_time_ns="101000000000.0" time="0.0007979869842529297" />
    <testcase classname="function_h_test" name="run_test_396" ratio_time="120245445359068.97" sim_time_ns="101000000000.0" time="0.0008399486541748047" />
    <testcase classname="function_h_test" name="run_test_397" ratio_time="113969519504977.12" sim_time_ns="101000000000.0" time="0.0008862018585205078" />
    <testcase classname="function_h_test" name="run_test_398" ratio_time="124999912658601.36" sim_time_ns="101000000000.0" time="0.0008080005645751953" />
    <testcase classname="function_h_test" name="run_test_399" ratio_time="126568480430236.03" sim_time_ns="101000000000.0" time="0.0007979869842529297" />
    <testcase classname="function_h_test" name="run_test_400" ratio_time="119803366515837.11" sim_time_ns="101000000000.0" time="0.000843048095703125" />
    <testcase classname="function_h_test" name="run_test_401" ratio_time="60734724587813.62" sim_time_ns="101000000000.0" time="0.0016629695892333984" />
    <testcase classname="function_h_test" name="run_test_402" ratio_time="118430166060944.92" sim_time_ns="101000000000.0" time="0.0008528232574462891" />
    <testcase classname="function_h_test" name="run_test_403" ratio_time="119096065223502.95" sim_time_ns="101000000000.0" time="0.0008480548858642578" />
    <testcase classname="function_h_test" name="run_test_404" ratio_time="106652745216515.61" sim_time_ns="101000000000.0" time="0.0009469985961914062" />
    <testcase classname="function_h_test" name="run_test_405" ratio_time="124230118475073.31" sim_time_ns="101000000000.0" time="0.0008130073547363281" />
    <testcase classname="function_h_test" name="run_test_406" ratio_time="117152849557522.12" sim_time_ns="101000000000.0" time="0.00086212158203125" />
    <testcase classname="function_h_test" name="run_test_407" ratio_time="124522252792475.02" sim_time_ns="101000000000.0" time="0.0008111000061035156" />
    <testcase classname="function_h_test" name="run_test_408" ratio_time="126379684964200.48" sim_time_ns="101000000000.0" time="0.0007991790771484375" />
    <testcase classname="function_h_test" name="run_test_409" ratio_time="126871729260257.56" sim_time_ns="101000000000.0" time="0.0007960796356201172" />
    <testcase classname="function_h_test" name="run_test_410" ratio_time="106438367839195.98" sim_time_ns="101000000000.0" time="0.0009489059448242188" />
    <testcase classname="function_h_test" name="run_test_411" ratio_time="115178005437737.9" sim_time_ns="101000000000.0" time="0.0008769035339355469" />
    <testcase classname="function_h_test" name="run_test_412" ratio_time="118562749510215.5" sim_time_ns="101000000000.0" time="0.0008518695831298828" />
    <testcase classname="function_h_test" name="run_test_413" ratio_time="121243475672581.56" sim_time_ns="101000000000.0" time="0.0008330345153808594" />
    <testcase classname="function_h_test" name="run_test_414" ratio_time="119532930022573.36" sim_time_ns="101000000000.0" time="0.0008449554443359375" />
    <testcase classname="function_h_test" name="run_test_415" ratio_time="123003688734030.2" sim_time_ns="101000000000.0" time="0.0008211135864257812" />
    <testcase classname="function_h_test" name="run_test_416" ratio_time="116220769272976.69" sim_time_ns="101000000000.0" time="0.0008690357208251953" />
    <testcase classname="function_h_test" name="run_test_417" ratio_time="111715375527426.16" sim_time_ns="101000000000.0" time="0.000904083251953125" />
    <testcase classname="function_h_test" name="run_test_418" ratio_time="128839630170316.3" sim_time_ns="101000000000.0" time="0.0007839202880859375" />
    <testcase classname="function_h_test" name="run_test_419" ratio_time="126871729260257.56" sim_time_ns="101000000000.0" time="0.0007960796356201172" />
    <testcase classname="function_h_test" name="run_test_420" ratio_time="121556586513629.84" sim_time_ns="101000000000.0" time="0.0008308887481689453" />
    <testcase classname="function_h_test" name="run_test_421" ratio_time="114896854895579.06" sim_time_ns="101000000000.0" time="0.0008790493011474609" />
    <testcase classname="function_h_test" name="run_test_422" ratio_time="118662382072829.12" sim_time_ns="101000000000.0" time="0.0008511543273925781" />
    <testcase classname="function_h_test" name="run_test_423" ratio_time="101200359292881.03" sim_time_ns="101000000000.0" time="0.0009980201721191406" />
    <testcase classname="function_h_test" name="run_test_424" ratio_time="118828808976157.08" sim_time_ns="101000000000.0" time="0.0008499622344970703" />
    <testcase classname="function_h_test" name="run_test_425" ratio_time="125630102016607.36" sim_time_ns="101000000000.0" time="0.0008039474487304688" />
    <testcase classname="function_h_test" name="run_test_426" ratio_time="120794041631023.67" sim_time_ns="101000000000.0" time="0.0008361339569091797" />
    <testcase classname="function_h_test" name="run_test_427" ratio_time="119803366515837.11" sim_time_ns="101000000000.0" time="0.000843048095703125" />
    <testcase classname="function_h_test" name="run_test_428" ratio_time="131193776401362.66" sim_time_ns="101000000000.0" time="0.0007698535919189453" />
    <testcase classname="function_h_test" name="run_test_429" ratio_time="127828818346409.17" sim_time_ns="101000000000.0" time="0.0007901191711425781" />
    <testcase classname="function_h_test" name="run_test_430" ratio_time="108012418154003.06" sim_time_ns="101000000000.0" time="0.0009350776672363281" />
    <testcase classname="function_h_test" name="run_test_431" ratio_time="117738939410783.77" sim_time_ns="101000000000.0" time="0.0008578300476074219" />
    <testcase classname="function_h_test" name="run_test_432" ratio_time="117869978853644.97" sim_time_ns="101000000000.0" time="0.0008568763732910156" />
    <testcase classname="function_h_test" name="run_test_433" ratio_time="118662382072829.12" sim_time_ns="101000000000.0" time="0.0008511543273925781" />
    <testcase classname="function_h_test" name="run_test_434" ratio_time="120382126740551.3" sim_time_ns="101000000000.0" time="0.0008389949798583984" />
    <testcase classname="function_h_test" name="run_test_435" ratio_time="126757840813883.9" sim_time_ns="101000000000.0" time="0.0007967948913574219" />
    <testcase classname="function_h_test" name="run_test_436" ratio_time="110003818229031.42" sim_time_ns="101000000000.0" time="0.0009181499481201172" />
    <testcase classname="function_h_test" name="run_test_437" ratio_time="123003688734030.2" sim_time_ns="101000000000.0" time="0.0008211135864257812" />
    <testcase classname="function_h_test" name="run_test_438" ratio_time="128176914977307.11" sim_time_ns="101000000000.0" time="0.0007879734039306641" />
    <testcase classname="function_h_test" name="run_test_439" ratio_time="103702497919216.64" sim_time_ns="101000000000.0" time="0.0009739398956298828" />
    <testcase classname="function_h_test" name="run_test_440" ratio_time="116348449327107.94" sim_time_ns="101000000000.0" time="0.0008680820465087891" />
    <testcase classname="function_h_test" name="run_test_441" ratio_time="114246144552319.31" sim_time_ns="101000000000.0" time="0.0008840560913085938" />
    <testcase classname="function_h_test" name="run_test_442" ratio_time="115681240851993.45" sim_time_ns="101000000000.0" time="0.0008730888366699219" />
    <testcase classname="function_h_test" name="run_test_443" ratio_time="99419080966909.17" sim_time_ns="101000000000.0" time="0.0010159015655517578" />
    <testcase classname="function_h_test" name="run_test_444" ratio_time="120794041631023.67" sim_time_ns="101000000000.0" time="0.0008361339569091797" />
    <testcase classname="function_h_test" name="run_test_445" ratio_time="128332233868524.69" sim_time_ns="101000000000.0" time="0.0007870197296142578" />
    <testcase classname="function_h_test" name="run_test_446" ratio_time="119263711711711.72" sim_time_ns="101000000000.0" time="0.00084686279296875" />
    <testcase classname="function_h_test" name="run_test_447" ratio_time="121521716580608.14" sim_time_ns="101000000000.0" time="0.0008311271667480469" />
    <testcase classname="function_h_test" name="run_test_448" ratio_time="131847091192032.38" sim_time_ns="101000000000.0" time="0.0007660388946533203" />
    <testcase classname="function_h_test" name="run_test_449" ratio_time="104883561277543.95" sim_time_ns="101000000000.0" time="0.0009629726409912109" />
    <testcase classname="function_h_test" name="run_test_450" ratio_time="120519119203413.94" sim_time_ns="101000000000.0" time="0.0008380413055419922" />
    <testcase classname="function_h_test" name="run_test_451" ratio_time="110003818229031.42" sim_time_ns="101000000000.0" time="0.0009181499481201172" />
    <testcase classname="function_h_test" name="run_test_452" ratio_time="121382436676217.77" sim_time_ns="101000000000.0" time="0.0008320808410644531" />
    <testcase classname="function_h_test" name="run_test_453" ratio_time="121976591995393.03" sim_time_ns="101000000000.0" time="0.0008280277252197266" />
    <testcase classname="function_h_test" name="run_test_454" ratio_time="124230118475073.31" sim_time_ns="101000000000.0" time="0.0008130073547363281" />
    <testcase classname="function_h_test" name="run_test_455" ratio_time="126871729260257.56" sim_time_ns="101000000000.0" time="0.0007960796356201172" />
    <testcase classname="function_h_test" name="run_test_456" ratio_time="107573566277298.12" sim_time_ns="101000000000.0" time="0.0009388923645019531" />
    <testcase classname="function_h_test" name="run_test_457" ratio_time="124999912658601.36" sim_time_ns="101000000000.0" time="0.0008080005645751953" />
    <testcase classname="function_h_test" name="run_test_458" ratio_time="130667706354102.4" sim_time_ns="101000000000.0" time="0.0007729530334472656" />
    <testcase classname="function_h_test" name="run_test_459" ratio_time="119939044167610.42" sim_time_ns="101000000000.0" time="0.0008420944213867188" />
    <testcase classname="function_h_test" name="run_test_460" ratio_time="117837191655076.5" sim_time_ns="101000000000.0" time="0.0008571147918701172" />
    <testcase classname="function_h_test" name="run_test_461" ratio_time="114648093098782.14" sim_time_ns="101000000000.0" time="0.0008809566497802734" />
    <testcase classname="function_h_test" name="run_test_462" ratio_time="106652745216515.61" sim_time_ns="101000000000.0" time="0.0009469985961914062" />
    <testcase classname="function_h_test" name="run_test_463" ratio_time="111981153581813.38" sim_time_ns="101000000000.0" time="0.0009019374847412109" />
    <testcase classname="function_h_test" name="run_test_464" ratio_time="119398169109357.39" sim_time_ns="101000000000.0" time="0.0008459091186523438" />
    <testcase classname="function_h_test" name="run_test_465" ratio_time="124852550545240.2" sim_time_ns="101000000000.0" time="0.0008089542388916016" />
    <testcase classname="function_h_test" name="run_test_466" ratio_time="122434885549132.95" sim_time_ns="101000000000.0" time="0.0008249282836914062" />
    <testcase classname="function_h_test" name="run_test_467" ratio_time="120519119203413.94" sim_time_ns="101000000000.0" time="0.0008380413055419922" />
    <testcase classname="function_h_test" name="run_test_468" ratio_time="127214625825825.83" sim_time_ns="101000000000.0" time="0.0007939338684082031" />
    <testcase classname="function_h_test" name="run_test_469" ratio_time="112218464635761.6" sim_time_ns="101000000000.0" time="0.0009000301361083984" />
    <testcase classname="function_h_test" name="run_test_470" ratio_time="119398169109357.39" sim_time_ns="101000000000.0" time="0.0008459091186523438" />
    <testcase classname="function_h_test" name="run_test_471" ratio_time="107111176738305.94" sim_time_ns="101000000000.0" time="0.0009429454803466797" />
    <testcase classname="function_h_test" name="run_test_472" ratio_time="120075029478458.05" sim_time_ns="101000000000.0" time="0.0008411407470703125" />
    <testcase classname="function_h_test" name="run_test_473" ratio_time="115712839114995.9" sim_time_ns="101000000000.0" time="0.0008728504180908203" />
    <testcase classname="function_h_test" name="run_test_474" ratio_time="119532930022573.36" sim_time_ns="101000000000.0" time="0.0008449554443359375" />
    <testcase classname="function_h_test" name="run_test_475" ratio_time="110520402817636.31" sim_time_ns="101000000000.0" time="0.0009138584136962891" />
    <testcase classname="function_h_test" name="run_test_476" ratio_time="121104832475700.4" sim_time_ns="101000000000.0" time="0.0008339881896972656" />
    <testcase classname="function_h_test" name="run_test_477" ratio_time="128176914977307.11" sim_time_ns="101000000000.0" time="0.0007879734039306641" />
    <testcase classname="function_h_test" name="run_test_478" ratio_time="130185834050399.52" sim_time_ns="101000000000.0" time="0.0007758140563964844" />
    <testcase classname="function_h_test" name="run_test_479" ratio_time="126417398985377.5" sim_time_ns="101000000000.0" time="0.0007989406585693359" />
    <testcase classname="function_h_test" name="run_test_480" ratio_time="115555020185488.27" sim_time_ns="101000000000.0" time="0.0008740425109863281" />
    <testcase classname="function_h_test" name="run_test_481" ratio_time="117706225062517.36" sim_time_ns="101000000000.0" time="0.0008580684661865234" />
    <testcase classname="function_h_test" name="run_test_482" ratio_time="106975935353535.36" sim_time_ns="101000000000.0" time="0.0009441375732421875" />
    <testcase classname="function_h_test" name="run_test_483" ratio_time="118828808976157.08" sim_time_ns="101000000000.0" time="0.0008499622344970703" />
    <testcase classname="function_h_test" name="run_test_484" ratio_time="122860993039443.16" sim_time_ns="101000000000.0" time="0.0008220672607421875" />
    <testcase classname="function_h_test" name="run_test_485" ratio_time="125295682934043.19" sim_time_ns="101000000000.0" time="0.0008060932159423828" />
    <testcase classname="function_h_test" name="run_test_486" ratio_time="120382126740551.3" sim_time_ns="101000000000.0" time="0.0008389949798583984" />
    <testcase classname="function_h_test" name="run_test_487" ratio_time="121696266590060.33" sim_time_ns="101000000000.0" time="0.0008299350738525391" />
    <testcase classname="function_h_test" name="run_test_488" ratio_time="114772339203467.89" sim_time_ns="101000000000.0" time="0.0008800029754638672" />
    <testcase classname="function_h_test" name="run_test_489" ratio_time="122434885549132.95" sim_time_ns="101000000000.0" time="0.0008249282836914062" />
    <testcase classname="function_h_test" name="run_test_490" ratio_time="120075029478458.05" sim_time_ns="101000000000.0" time="0.0008411407470703125" />
    <testcase classname="function_h_test" name="run_test_491" ratio_time="116348449327107.94" sim_time_ns="101000000000.0" time="0.0008680820465087891" />
    <testcase classname="function_h_test" name="run_test_492" ratio_time="119803366515837.11" sim_time_ns="101000000000.0" time="0.000843048095703125" />
    <testcase classname="function_h_test" name="run_test_493" ratio_time="117968450013923.7" sim_time_ns="101000000000.0" time="0.0008561611175537109" />
    <testcase classname="function_h_test" name="run_test_494" ratio_time="120245445359068.97" sim_time_ns="101000000000.0" time="0.0008399486541748047" />
    <testcase classname="function_h_test" name="run_test_495" ratio_time="112606247740563.53" sim_time_ns="101000000000.0" time="0.0008969306945800781" />
    <testcase classname="function_h_test" name="run_test_496" ratio_time="118430166060944.92" sim_time_ns="101000000000.0" time="0.0008528232574462891" />
    <testcase classname="function_h_test" name="run_test_497" ratio_time="125481251184834.12" sim_time_ns="101000000000.0" time="0.000804901123046875" />
    <testcase classname="function_h_test" name="run_test_498" ratio_time="127367619963920.62" sim_time_ns="101000000000.0" time="0.0007929801940917969" />
    <testcase classname="function_h_test" name="run_test_499" ratio_time="123613861686606.36" sim_time_ns="101000000000.0" time="0.0008170604705810547" />
    <testcase classname="function_h_test" name="run_test_500" ratio_time="116508444444444.44" sim_time_ns="101000000000.0" time="0.0008668899536132812" />
    <testcase classname="function_h_test" name="run_test_501" ratio_time="56483293866666.664" sim_time_ns="101000000000.0" time="0.0017881393432617188" />
    <testcase classname="function_h_test" name="run_test_502" ratio_time="126078780952380.95" sim_time_ns="101000000000.0" time="0.00080108642578125" />
    <testcase classname="function_h_test" name="run_test_503" ratio_time="119398169109357.39" sim_time_ns="101000000000.0" time="0.0008459091186523438" />
    <testcase classname="function_h_test" name="run_test_504" ratio_time="121382436676217.77" sim_time_ns="101000000000.0" time="0.0008320808410644531" />
    <testcase classname="function_h_test" name="run_test_505" ratio_time="123613861686606.36" sim_time_ns="101000000000.0" time="0.0008170604705810547" />
    <testcase classname="function_h_test" name="run_test_506" ratio_time="114772339203467.89" sim_time_ns="101000000000.0" time="0.0008800029754638672" />
    <testcase classname="function_h_test" name="run_test_507" ratio_time="124522252792475.02" sim_time_ns="101000000000.0" time="0.0008111000061035156" />
    <testcase classname="function_h_test" name="run_test_508" ratio_time="110520402817636.31" sim_time_ns="101000000000.0" time="0.0009138584136962891" />
    <testcase classname="function_h_test" name="run_test_509" ratio_time="117445163293595.78" sim_time_ns="101000000000.0" time="0.0008599758148193359" />
    <testcase classname="function_h_test" name="run_test_510" ratio_time="119532930022573.36" sim_time_ns="101000000000.0" time="0.0008449554443359375" />
    <testcase classname="function_h_test" name="run_test_511" ratio_time="119364526345449.42" sim_time_ns="101000000000.0" time="0.0008461475372314453" />
    <testcase classname="function_h_test" name="run_test_512" ratio_time="124412541556534.52" sim_time_ns="101000000000.0" time="0.0008118152618408203" />
    <testcase classname="function_h_test" name="run_test_513" ratio_time="119364526345449.42" sim_time_ns="101000000000.0" time="0.0008461475372314453" />
    <testcase classname="function_h_test" name="run_test_514" ratio_time="105879706073481.62" sim_time_ns="101000000000.0" time="0.0009539127349853516" />
    <testcase classname="function_h_test" name="run_test_515" ratio_time="126719923422075.98" sim_time_ns="101000000000.0" time="0.0007970333099365234" />
[...]
    <testcase classname="function_h_test" name="run_test_871" ratio_time="113633236051502.14" sim_time_ns="101000000000.0" time="0.000888824462890625" />
    <testcase classname="function_h_test" name="run_test_872" ratio_time="121104832475700.4" sim_time_ns="101000000000.0" time="0.0008339881896972656" />
    <testcase classname="function_h_test" name="run_test_873" ratio_time="100695199429522.22" sim_time_ns="101000000000.0" time="0.0010030269622802734" />
    <testcase classname="function_h_test" name="run_test_874" ratio_time="120656423810880.1" sim_time_ns="101000000000.0" time="0.0008370876312255859" />
    <testcase classname="function_h_test" name="run_test_875" ratio_time="123325969141193.6" sim_time_ns="101000000000.0" time="0.0008189678192138672" />
    <testcase classname="function_h_test" name="run_test_876" ratio_time="116894233995584.98" sim_time_ns="101000000000.0" time="0.0008640289306640625" />
    <testcase classname="function_h_test" name="run_test_877" ratio_time="116380413186813.19" sim_time_ns="101000000000.0" time="0.0008678436279296875" />
    <testcase classname="function_h_test" name="run_test_878" ratio_time="124668835785756.33" sim_time_ns="101000000000.0" time="0.0008101463317871094" />
    <testcase classname="function_h_test" name="run_test_879" ratio_time="102746714528256.12" sim_time_ns="101000000000.0" time="0.0009829998016357422" />
    <testcase classname="function_h_test" name="run_test_880" ratio_time="116348449327107.94" sim_time_ns="101000000000.0" time="0.0008680820465087891" />
    <testcase classname="function_h_test" name="run_test_881" ratio_time="111833343189017.95" sim_time_ns="101000000000.0" time="0.0009031295776367188" />
    <testcase classname="function_h_test" name="run_test_882" ratio_time="121836268047167.1" sim_time_ns="101000000000.0" time="0.0008289813995361328" />
    <testcase classname="function_h_test" name="run_test_883" ratio_time="115146698559391.14" sim_time_ns="101000000000.0" time="0.0008771419525146484" />
    <testcase classname="function_h_test" name="run_test_884" ratio_time="122576592592592.6" sim_time_ns="101000000000.0" time="0.000823974609375" />
    <testcase classname="function_h_test" name="run_test_885" ratio_time="122293505773672.06" sim_time_ns="101000000000.0" time="0.0008258819580078125" />
    <testcase classname="function_h_test" name="run_test_886" ratio_time="107464409944190.77" sim_time_ns="101000000000.0" time="0.0009398460388183594" />
    <testcase classname="function_h_test" name="run_test_887" ratio_time="119667995480225.98" sim_time_ns="101000000000.0" time="0.0008440017700195312" />
    <testcase classname="function_h_test" name="run_test_888" ratio_time="122896635915288.66" sim_time_ns="101000000000.0" time="0.0008218288421630859" />
    <testcase classname="function_h_test" name="run_test_889" ratio_time="115429074659400.55" sim_time_ns="101000000000.0" time="0.0008749961853027344" />
    <testcase classname="function_h_test" name="run_test_890" ratio_time="117315066186651.89" sim_time_ns="101000000000.0" time="0.0008609294891357422" />
    <testcase classname="function_h_test" name="run_test_891" ratio_time="111245983193277.31" sim_time_ns="101000000000.0" time="0.00090789794921875" />
    <testcase classname="function_h_test" name="run_test_892" ratio_time="106304819071518.19" sim_time_ns="101000000000.0" time="0.0009500980377197266" />
    <testcase classname="function_h_test" name="run_test_893" ratio_time="115303403375068.05" sim_time_ns="101000000000.0" time="0.0008759498596191406" />
    <testcase classname="function_h_test" name="run_test_894" ratio_time="120109074000567.05" sim_time_ns="101000000000.0" time="0.0008409023284912109" />
    <testcase classname="function_h_test" name="run_test_895" ratio_time="118397066517607.61" sim_time_ns="101000000000.0" time="0.0008530616760253906" />
    <testcase classname="function_h_test" name="run_test_896" ratio_time="117185256984785.61" sim_time_ns="101000000000.0" time="0.0008618831634521484" />
    <testcase classname="function_h_test" name="run_test_897" ratio_time="116894233995584.98" sim_time_ns="101000000000.0" time="0.0008640289306640625" />
    <testcase classname="function_h_test" name="run_test_898" ratio_time="127520982540638.17" sim_time_ns="101000000000.0" time="0.0007920265197753906" />
    <testcase classname="function_h_test" name="run_test_899" ratio_time="103804142122028.92" sim_time_ns="101000000000.0" time="0.0009729862213134766" />
    <testcase classname="function_h_test" name="run_test_900" ratio_time="115429074659400.55" sim_time_ns="101000000000.0" time="0.0008749961853027344" />
    <testcase classname="function_h_test" name="run_test_901" ratio_time="53664137826197.11" sim_time_ns="101000000000.0" time="0.0018820762634277344" />
    <testcase classname="function_h_test" name="run_test_902" ratio_time="113602763207294.19" sim_time_ns="101000000000.0" time="0.0008890628814697266" />
    <testcase classname="function_h_test" name="run_test_903" ratio_time="116348449327107.94" sim_time_ns="101000000000.0" time="0.0008680820465087891" />
    <testcase classname="function_h_test" name="run_test_904" ratio_time="113847004568664.34" sim_time_ns="101000000000.0" time="0.0008871555328369141" />
    <testcase classname="function_h_test" name="run_test_905" ratio_time="105196102309411.47" sim_time_ns="101000000000.0" time="0.0009601116180419922" />
    <testcase classname="function_h_test" name="run_test_906" ratio_time="120690798860398.86" sim_time_ns="101000000000.0" time="0.0008368492126464844" />
    <testcase classname="function_h_test" name="run_test_907" ratio_time="123649942790426.16" sim_time_ns="101000000000.0" time="0.0008168220520019531" />
    <testcase classname="function_h_test" name="run_test_908" ratio_time="124668835785756.33" sim_time_ns="101000000000.0" time="0.0008101463317871094" />
    <testcase classname="function_h_test" name="run_test_909" ratio_time="119364526345449.42" sim_time_ns="101000000000.0" time="0.0008461475372314453" />
    <testcase classname="function_h_test" name="run_test_910" ratio_time="121382436676217.77" sim_time_ns="101000000000.0" time="0.0008320808410644531" />
    <testcase classname="function_h_test" name="run_test_911" ratio_time="97407381926879.75" sim_time_ns="101000000000.0" time="0.0010368824005126953" />
    <testcase classname="function_h_test" name="run_test_912" ratio_time="119096065223502.95" sim_time_ns="101000000000.0" time="0.0008480548858642578" />
    <testcase classname="function_h_test" name="run_test_913" ratio_time="119803366515837.11" sim_time_ns="101000000000.0" time="0.000843048095703125" />
    <testcase classname="function_h_test" name="run_test_914" ratio_time="113238359796845.77" sim_time_ns="101000000000.0" time="0.0008919239044189453" />
    <testcase classname="function_h_test" name="run_test_915" ratio_time="114369520518358.53" sim_time_ns="101000000000.0" time="0.0008831024169921875" />
    <testcase classname="function_h_test" name="run_test_916" ratio_time="121521716580608.14" sim_time_ns="101000000000.0" time="0.0008311271667480469" />
    <testcase classname="function_h_test" name="run_test_917" ratio_time="108150294613224.4" sim_time_ns="101000000000.0" time="0.0009338855743408203" />
    <testcase classname="function_h_test" name="run_test_918" ratio_time="122576592592592.6" sim_time_ns="101000000000.0" time="0.000823974609375" />
    <testcase classname="function_h_test" name="run_test_919" ratio_time="115555020185488.27" sim_time_ns="101000000000.0" time="0.0008740425109863281" />
    <testcase classname="function_h_test" name="run_test_920" ratio_time="113847004568664.34" sim_time_ns="101000000000.0" time="0.0008871555328369141" />
    <testcase classname="function_h_test" name="run_test_921" ratio_time="108371630596060.38" sim_time_ns="101000000000.0" time="0.0009319782257080078" />
    <testcase classname="function_h_test" name="run_test_922" ratio_time="116380413186813.19" sim_time_ns="101000000000.0" time="0.0008678436279296875" />
    <testcase classname="function_h_test" name="run_test_923" ratio_time="118529575825405.7" sim_time_ns="101000000000.0" time="0.0008521080017089844" />
    <testcase classname="function_h_test" name="run_test_924" ratio_time="102746714528256.12" sim_time_ns="101000000000.0" time="0.0009829998016357422" />
    <testcase classname="function_h_test" name="run_test_925" ratio_time="122576592592592.6" sim_time_ns="101000000000.0" time="0.000823974609375" />
    <testcase classname="function_h_test" name="run_test_926" ratio_time="115146698559391.14" sim_time_ns="101000000000.0" time="0.0008771419525146484" />
    <testcase classname="function_h_test" name="run_test_927" ratio_time="118132934746235.36" sim_time_ns="101000000000.0" time="0.0008549690246582031" />
    <testcase classname="function_h_test" name="run_test_928" ratio_time="124084564733450.5" sim_time_ns="101000000000.0" time="0.0008139610290527344" />
    <testcase classname="function_h_test" name="run_test_929" ratio_time="120109074000567.05" sim_time_ns="101000000000.0" time="0.0008409023284912109" />
    <testcase classname="function_h_test" name="run_test_930" ratio_time="103677117963778.75" sim_time_ns="101000000000.0" time="0.0009741783142089844" />
    <testcase classname="function_h_test" name="run_test_931" ratio_time="112486644715878.92" sim_time_ns="101000000000.0" time="0.0008978843688964844" />
    <testcase classname="function_h_test" name="run_test_932" ratio_time="114524115706947.83" sim_time_ns="101000000000.0" time="0.0008819103240966797" />
    <testcase classname="function_h_test" name="run_test_933" ratio_time="119667995480225.98" sim_time_ns="101000000000.0" time="0.0008440017700195312" />
    <testcase classname="function_h_test" name="run_test_934" ratio_time="115021641053489.0" sim_time_ns="101000000000.0" time="0.0008780956268310547" />
    <testcase classname="function_h_test" name="run_test_935" ratio_time="117445163293595.78" sim_time_ns="101000000000.0" time="0.0008599758148193359" />
    <testcase classname="function_h_test" name="run_test_936" ratio_time="97676897394512.33" sim_time_ns="101000000000.0" time="0.0010340213775634766" />
    <testcase classname="function_h_test" name="run_test_937" ratio_time="118264853154662.2" sim_time_ns="101000000000.0" time="0.0008540153503417969" />
    <testcase classname="function_h_test" name="run_test_938" ratio_time="123146716279069.77" sim_time_ns="101000000000.0" time="0.000820159912109375" />
    <testcase classname="function_h_test" name="run_test_939" ratio_time="120828495151169.42" sim_time_ns="101000000000.0" time="0.0008358955383300781" />
    <testcase classname="function_h_test" name="run_test_940" ratio_time="120690798860398.86" sim_time_ns="101000000000.0" time="0.0008368492126464844" />
    <testcase classname="function_h_test" name="run_test_941" ratio_time="107792545547073.8" sim_time_ns="101000000000.0" time="0.0009369850158691406" />
    <testcase classname="function_h_test" name="run_test_942" ratio_time="108012418154003.06" sim_time_ns="101000000000.0" time="0.0009350776672363281" />
    <testcase classname="function_h_test" name="run_test_943" ratio_time="121976591995393.03" sim_time_ns="101000000000.0" time="0.0008280277252197266" />
    <testcase classname="function_h_test" name="run_test_944" ratio_time="116636757709251.1" sim_time_ns="101000000000.0" time="0.000865936279296875" />
    <testcase classname="function_h_test" name="run_test_945" ratio_time="119803366515837.11" sim_time_ns="101000000000.0" time="0.000843048095703125" />
    <testcase classname="function_h_test" name="run_test_946" ratio_time="116765353914002.2" sim_time_ns="101000000000.0" time="0.0008649826049804688" />
    <testcase classname="function_h_test" name="run_test_947" ratio_time="118297878804803.12" sim_time_ns="101000000000.0" time="0.0008537769317626953" />
    <testcase classname="function_h_test" name="run_test_948" ratio_time="111833343189017.95" sim_time_ns="101000000000.0" time="0.0009031295776367188" />
    <testcase classname="function_h_test" name="run_test_949" ratio_time="119499211283497.89" sim_time_ns="101000000000.0" time="0.0008451938629150391" />
    <testcase classname="function_h_test" name="run_test_950" ratio_time="119973011611441.52" sim_time_ns="101000000000.0" time="0.0008418560028076172" />
    <testcase classname="function_h_test" name="run_test_951" ratio_time="111100105953317.6" sim_time_ns="101000000000.0" time="0.0009090900421142578" />
    <testcase classname="function_h_test" name="run_test_952" ratio_time="119364526345449.42" sim_time_ns="101000000000.0" time="0.0008461475372314453" />
    <testcase classname="function_h_test" name="run_test_953" ratio_time="117315066186651.89" sim_time_ns="101000000000.0" time="0.0008609294891357422" />
    <testcase classname="function_h_test" name="run_test_954" ratio_time="99606090759463.9" sim_time_ns="101000000000.0" time="0.0010139942169189453" />
    <testcase classname="function_h_test" name="run_test_955" ratio_time="111216777106852.19" sim_time_ns="101000000000.0" time="0.0009081363677978516" />
    <testcase classname="function_h_test" name="run_test_956" ratio_time="117282586932447.39" sim_time_ns="101000000000.0" time="0.0008611679077148438" />
    <testcase classname="function_h_test" name="run_test_957" ratio_time="115966248015329.86" sim_time_ns="101000000000.0" time="0.0008709430694580078" />
    <testcase classname="function_h_test" name="run_test_958" ratio_time="123613861686606.36" sim_time_ns="101000000000.0" time="0.0008170604705810547" />
    <testcase classname="function_h_test" name="run_test_959" ratio_time="117185256984785.61" sim_time_ns="101000000000.0" time="0.0008618831634521484" />
    <testcase classname="function_h_test" name="run_test_960" ratio_time="116220769272976.69" sim_time_ns="101000000000.0" time="0.0008690357208251953" />
    <testcase classname="function_h_test" name="run_test_961" ratio_time="97676897394512.33" sim_time_ns="101000000000.0" time="0.0010340213775634766" />
    <testcase classname="function_h_test" name="run_test_962" ratio_time="119230144666479.03" sim_time_ns="101000000000.0" time="0.0008471012115478516" />
    <testcase classname="function_h_test" name="run_test_963" ratio_time="120656423810880.1" sim_time_ns="101000000000.0" time="0.0008370876312255859" />
    <testcase classname="function_h_test" name="run_test_964" ratio_time="105117792555831.27" sim_time_ns="101000000000.0" time="0.0009608268737792969" />
    <testcase classname="function_h_test" name="run_test_965" ratio_time="121243475672581.56" sim_time_ns="101000000000.0" time="0.0008330345153808594" />
    <testcase classname="function_h_test" name="run_test_966" ratio_time="107437155465381.69" sim_time_ns="101000000000.0" time="0.0009400844573974609" />
    <testcase classname="function_h_test" name="run_test_967" ratio_time="104110273777340.88" sim_time_ns="101000000000.0" time="0.0009701251983642578" />
    <testcase classname="function_h_test" name="run_test_968" ratio_time="120966505996573.39" sim_time_ns="101000000000.0" time="0.0008349418640136719" />
    <testcase classname="function_h_test" name="run_test_969" ratio_time="106652745216515.61" sim_time_ns="101000000000.0" time="0.0009469985961914062" />
    <testcase classname="function_h_test" name="run_test_970" ratio_time="106198221108047.12" sim_time_ns="101000000000.0" time="0.0009510517120361328" />
    <testcase classname="function_h_test" name="run_test_971" ratio_time="103702497919216.64" sim_time_ns="101000000000.0" time="0.0009739398956298828" />
    <testcase classname="function_h_test" name="run_test_972" ratio_time="114896854895579.06" sim_time_ns="101000000000.0" time="0.0008790493011474609" />
    <testcase classname="function_h_test" name="run_test_973" ratio_time="104212719311193.11" sim_time_ns="101000000000.0" time="0.0009691715240478516" />
    <testcase classname="function_h_test" name="run_test_974" ratio_time="112966587733333.33" sim_time_ns="101000000000.0" time="0.0008940696716308594" />
    <testcase classname="function_h_test" name="run_test_975" ratio_time="119667995480225.98" sim_time_ns="101000000000.0" time="0.0008440017700195312" />
    <testcase classname="function_h_test" name="run_test_976" ratio_time="117738939410783.77" sim_time_ns="101000000000.0" time="0.0008578300476074219" />
    <testcase classname="function_h_test" name="run_test_977" ratio_time="119129556805399.33" sim_time_ns="101000000000.0" time="0.0008478164672851562" />
    <testcase classname="function_h_test" name="run_test_978" ratio_time="127674714888487.05" sim_time_ns="101000000000.0" time="0.0007910728454589844" />
    <testcase classname="function_h_test" name="run_test_979" ratio_time="105431733200597.31" sim_time_ns="101000000000.0" time="0.0009579658508300781" />
    <testcase classname="function_h_test" name="run_test_980" ratio_time="117023398895027.62" sim_time_ns="101000000000.0" time="0.0008630752563476562" />
    <testcase classname="function_h_test" name="run_test_981" ratio_time="109548669252650.64" sim_time_ns="101000000000.0" time="0.0009219646453857422" />
    <testcase classname="function_h_test" name="run_test_982" ratio_time="115429074659400.55" sim_time_ns="101000000000.0" time="0.0008749961853027344" />
    <testcase classname="function_h_test" name="run_test_983" ratio_time="122011723502304.14" sim_time_ns="101000000000.0" time="0.000827789306640625" />
    <testcase classname="function_h_test" name="run_test_984" ratio_time="114369520518358.53" sim_time_ns="101000000000.0" time="0.0008831024169921875" />
    <testcase classname="function_h_test" name="run_test_985" ratio_time="99489127289807.42" sim_time_ns="101000000000.0" time="0.0010151863098144531" />
    <testcase classname="function_h_test" name="run_test_986" ratio_time="122117239550302.69" sim_time_ns="101000000000.0" time="0.0008270740509033203" />
    <testcase classname="function_h_test" name="run_test_987" ratio_time="118001310306406.69" sim_time_ns="101000000000.0" time="0.0008559226989746094" />
    <testcase classname="function_h_test" name="run_test_988" ratio_time="128487929632999.7" sim_time_ns="101000000000.0" time="0.0007860660552978516" />
    <testcase classname="function_h_test" name="run_test_989" ratio_time="121836268047167.1" sim_time_ns="101000000000.0" time="0.0008289813995361328" />
    <testcase classname="function_h_test" name="run_test_990" ratio_time="116380413186813.19" sim_time_ns="101000000000.0" time="0.0008678436279296875" />
    <testcase classname="function_h_test" name="run_test_991" ratio_time="98152155699721.97" sim_time_ns="101000000000.0" time="0.0010290145874023438" />
    <testcase classname="function_h_test" name="run_test_992" ratio_time="119096065223502.95" sim_time_ns="101000000000.0" time="0.0008480548858642578" />
    <testcase classname="function_h_test" name="run_test_993" ratio_time="118828808976157.08" sim_time_ns="101000000000.0" time="0.0008499622344970703" />
    <testcase classname="function_h_test" name="run_test_994" ratio_time="115966248015329.86" sim_time_ns="101000000000.0" time="0.0008709430694580078" />
    <testcase classname="function_h_test" name="run_test_995" ratio_time="118962286998034.27" sim_time_ns="101000000000.0" time="0.0008490085601806641" />
    <testcase classname="function_h_test" name="run_test_996" ratio_time="108122691168963.75" sim_time_ns="101000000000.0" time="0.0009341239929199219" />
    <testcase classname="function_h_test" name="run_test_997" ratio_time="121417226712525.08" sim_time_ns="101000000000.0" time="0.0008318424224853516" />
    <testcase classname="function_h_test" name="run_test_998" ratio_time="108956971193415.64" sim_time_ns="101000000000.0" time="0.000926971435546875" />
    <testcase classname="function_h_test" name="run_test_999" ratio_time="117185256984785.61" sim_time_ns="101000000000.0" time="0.0008618831634521484" />
  </testsuite>
</testsuites>
