<?xml version='1.0' encoding='UTF-8'?>
<testsuites name="results">
  <testsuite name="all" package="all" tests="0">
    <property name="random_seed" value="1576503081" />
    <testcase classname="LFSR_test" name="run_test_001" ratio_time="56338253577705.25" sim_time_ns="1391000000000.0" time="0.02469015121459961" />
    <testcase classname="LFSR_test" name="run_test_002" ratio_time="71136705041760.66" sim_time_ns="1391000000000.0" time="0.01955389976501465" />
    <testcase classname="LFSR_test" name="run_test_003" ratio_time="74084173913043.48" sim_time_ns="1391000000000.0" time="0.01877593994140625" />
    <testcase classname="LFSR_test" name="run_test_004" ratio_time="73726550711451.47" sim_time_ns="1391000000000.0" time="0.018867015838623047" />
    <testcase classname="LFSR_test" name="run_test_005" ratio_time="74170822069666.92" sim_time_ns="1391000000000.0" time="0.018754005432128906" />
    <testcase classname="LFSR_test" name="run_test_006" ratio_time="73676274991160.28" sim_time_ns="1391000000000.0" time="0.01887989044189453" />
    <testcase classname="LFSR_test" name="run_test_007" ratio_time="73989282132575.81" sim_time_ns="1391000000000.0" time="0.018800020217895508" />
    <testcase classname="LFSR_test" name="run_test_008" ratio_time="74565166198047.14" sim_time_ns="1391000000000.0" time="0.018654823303222656" />
    <testcase classname="LFSR_test" name="run_test_009" ratio_time="75808225776692.1" sim_time_ns="1391000000000.0" time="0.01834893226623535" />
    <testcase classname="LFSR_test" name="run_test_010" ratio_time="75741303457139.52" sim_time_ns="1391000000000.0" time="0.018365144729614258" />
    <testcase classname="LFSR_test" name="run_test_011" ratio_time="77119928937767.67" sim_time_ns="1391000000000.0" time="0.018036842346191406" />
    <testcase classname="LFSR_test" name="run_test_012" ratio_time="77492785888853.47" sim_time_ns="1391000000000.0" time="0.017950057983398438" />
    <testcase classname="LFSR_test" name="run_test_013" ratio_time="77753036729036.73" sim_time_ns="1391000000000.0" time="0.017889976501464844" />
    <testcase classname="LFSR_test" name="run_test_014" ratio_time="75565703864884.47" sim_time_ns="1391000000000.0" time="0.018407821655273438" />
    <testcase classname="LFSR_test" name="run_test_015" ratio_time="75071759534716.14" sim_time_ns="1391000000000.0" time="0.01852893829345703" />
    <testcase classname="LFSR_test" name="run_test_016" ratio_time="74656764907611.2" sim_time_ns="1391000000000.0" time="0.018631935119628906" />
    <testcase classname="LFSR_test" name="run_test_017" ratio_time="76457950961248.64" sim_time_ns="1391000000000.0" time="0.01819300651550293" />
    <testcase classname="LFSR_test" name="run_test_018" ratio_time="77089358949287.81" sim_time_ns="1391000000000.0" time="0.018043994903564453" />
    <testcase classname="LFSR_test" name="run_test_019" ratio_time="76323921246451.52" sim_time_ns="1391000000000.0" time="0.01822495460510254" />
    <testcase classname="LFSR_test" name="run_test_020" ratio_time="76470978897423.12" sim_time_ns="1391000000000.0" time="0.01818990707397461" />
    <testcase classname="LFSR_test" name="run_test_021" ratio_time="76156546410996.1" sim_time_ns="1391000000000.0" time="0.0182650089263916" />
    <testcase classname="LFSR_test" name="run_test_022" ratio_time="77338700177629.31" sim_time_ns="1391000000000.0" time="0.017985820770263672" />
    <testcase classname="LFSR_test" name="run_test_023" ratio_time="76727427556911.58" sim_time_ns="1391000000000.0" time="0.01812911033630371" />
    <testcase classname="LFSR_test" name="run_test_024" ratio_time="76168477407731.38" sim_time_ns="1391000000000.0" time="0.018262147903442383" />
    <testcase classname="LFSR_test" name="run_test_025" ratio_time="76207278978029.73" sim_time_ns="1391000000000.0" time="0.018252849578857422" />
    <testcase classname="LFSR_test" name="run_test_026" ratio_time="72841960971346.53" sim_time_ns="1391000000000.0" time="0.01909613609313965" />
    <testcase classname="LFSR_test" name="run_test_027" ratio_time="74111465061036.8" sim_time_ns="1391000000000.0" time="0.018769025802612305" />
    <testcase classname="LFSR_test" name="run_test_028" ratio_time="75552982530658.77" sim_time_ns="1391000000000.0" time="0.018410921096801758" />
    <testcase classname="LFSR_test" name="run_test_029" ratio_time="76842632387224.23" sim_time_ns="1391000000000.0" time="0.018101930618286133" />
    <testcase classname="LFSR_test" name="run_test_030" ratio_time="76782965676984.62" sim_time_ns="1391000000000.0" time="0.018115997314453125" />
    <testcase classname="LFSR_test" name="run_test_031" ratio_time="76799137320977.25" sim_time_ns="1391000000000.0" time="0.0181121826171875" />
    <testcase classname="LFSR_test" name="run_test_032" ratio_time="76897323931409.89" sim_time_ns="1391000000000.0" time="0.01808905601501465" />
    <testcase classname="LFSR_test" name="run_test_033" ratio_time="75745236793248.94" sim_time_ns="1391000000000.0" time="0.01836419105529785" />
    <testcase classname="LFSR_test" name="run_test_034" ratio_time="77324350103376.98" sim_time_ns="1391000000000.0" time="0.017989158630371094" />
    <testcase classname="LFSR_test" name="run_test_035" ratio_time="76664917202139.27" sim_time_ns="1391000000000.0" time="0.018143892288208008" />
    <testcase classname="LFSR_test" name="run_test_036" ratio_time="77398207269832.84" sim_time_ns="1391000000000.0" time="0.01797199249267578" />
    <testcase classname="LFSR_test" name="run_test_037" ratio_time="76194340729519.02" sim_time_ns="1391000000000.0" time="0.018255949020385742" />
    <testcase classname="LFSR_test" name="run_test_038" ratio_time="77187268330114.05" sim_time_ns="1391000000000.0" time="0.018021106719970703" />
    <testcase classname="LFSR_test" name="run_test_039" ratio_time="76073133975721.38" sim_time_ns="1391000000000.0" time="0.018285036087036133" />
    <testcase classname="LFSR_test" name="run_test_040" ratio_time="77062884556453.75" sim_time_ns="1391000000000.0" time="0.018050193786621094" />
    <testcase classname="LFSR_test" name="run_test_041" ratio_time="76228188510132.36" sim_time_ns="1391000000000.0" time="0.01824784278869629" />
    <testcase classname="LFSR_test" name="run_test_042" ratio_time="76766800842105.27" sim_time_ns="1391000000000.0" time="0.01811981201171875" />
    <testcase classname="LFSR_test" name="run_test_043" ratio_time="76160522994582.6" sim_time_ns="1391000000000.0" time="0.018264055252075195" />
    <testcase classname="LFSR_test" name="run_test_044" ratio_time="76850729928737.97" sim_time_ns="1391000000000.0" time="0.01810002326965332" />
    <testcase classname="LFSR_test" name="run_test_045" ratio_time="76474988386420.23" sim_time_ns="1391000000000.0" time="0.018188953399658203" />
    <testcase classname="LFSR_test" name="run_test_046" ratio_time="76444927463312.38" sim_time_ns="1391000000000.0" time="0.01819610595703125" />
    <testcase classname="LFSR_test" name="run_test_047" ratio_time="76269044969671.61" sim_time_ns="1391000000000.0" time="0.018238067626953125" />
    <testcase classname="LFSR_test" name="run_test_048" ratio_time="74465237131297.14" sim_time_ns="1391000000000.0" time="0.01867985725402832" />
    <testcase classname="LFSR_test" name="run_test_049" ratio_time="72602656379497.0" sim_time_ns="1391000000000.0" time="0.01915907859802246" />
    <testcase classname="LFSR_test" name="run_test_050" ratio_time="69210966748520.12" sim_time_ns="1391000000000.0" time="0.020097970962524414" />
    <testcase classname="LFSR_test" name="run_test_051" ratio_time="67787617367864.57" sim_time_ns="1391000000000.0" time="0.02051997184753418" />
    <testcase classname="LFSR_test" name="run_test_052" ratio_time="69065947676208.06" sim_time_ns="1391000000000.0" time="0.02014017105102539" />
    <testcase classname="LFSR_test" name="run_test_053" ratio_time="69836451892461.27" sim_time_ns="1391000000000.0" time="0.019917964935302734" />
    <testcase classname="LFSR_test" name="run_test_054" ratio_time="76440921125727.16" sim_time_ns="1391000000000.0" time="0.018197059631347656" />
    <testcase classname="LFSR_test" name="run_test_055" ratio_time="75997822871211.03" sim_time_ns="1391000000000.0" time="0.01830315589904785" />
    <testcase classname="LFSR_test" name="run_test_056" ratio_time="76478998295886.53" sim_time_ns="1391000000000.0" time="0.018187999725341797" />
    <testcase classname="LFSR_test" name="run_test_057" ratio_time="75820047875865.83" sim_time_ns="1391000000000.0" time="0.018346071243286133" />
    <testcase classname="LFSR_test" name="run_test_058" ratio_time="74329573255873.2" sim_time_ns="1391000000000.0" time="0.018713951110839844" />
    <testcase classname="LFSR_test" name="run_test_059" ratio_time="73824505738399.83" sim_time_ns="1391000000000.0" time="0.018841981887817383" />
    <testcase classname="LFSR_test" name="run_test_060" ratio_time="74994560954290.7" sim_time_ns="1391000000000.0" time="0.018548011779785156" />
    <testcase classname="LFSR_test" name="run_test_061" ratio_time="75940448852616.92" sim_time_ns="1391000000000.0" time="0.018316984176635742" />
    <testcase classname="LFSR_test" name="run_test_062" ratio_time="75116220728724.1" sim_time_ns="1391000000000.0" time="0.01851797103881836" />
    <testcase classname="LFSR_test" name="run_test_063" ratio_time="75729505899456.14" sim_time_ns="1391000000000.0" time="0.018368005752563477" />
    <testcase classname="LFSR_test" name="run_test_064" ratio_time="75598015730482.67" sim_time_ns="1391000000000.0" time="0.018399953842163086" />
    <testcase classname="LFSR_test" name="run_test_065" ratio_time="73187361089855.36" sim_time_ns="1391000000000.0" time="0.019006013870239258" />
    <testcase classname="LFSR_test" name="run_test_066" ratio_time="75936495216774.48" sim_time_ns="1391000000000.0" time="0.01831793785095215" />
    <testcase classname="LFSR_test" name="run_test_067" ratio_time="75974071386714.94" sim_time_ns="1391000000000.0" time="0.01830887794494629" />
    <testcase classname="LFSR_test" name="run_test_068" ratio_time="75531463873749.08" sim_time_ns="1391000000000.0" time="0.018416166305541992" />
    <testcase classname="LFSR_test" name="run_test_069" ratio_time="74836799179066.19" sim_time_ns="1391000000000.0" time="0.018587112426757812" />
    <testcase classname="LFSR_test" name="run_test_070" ratio_time="75598015730482.67" sim_time_ns="1391000000000.0" time="0.018399953842163086" />
    <testcase classname="LFSR_test" name="run_test_071" ratio_time="75936495216774.48" sim_time_ns="1391000000000.0" time="0.01831793785095215" />
    <testcase classname="LFSR_test" name="run_test_072" ratio_time="76057266604961.61" sim_time_ns="1391000000000.0" time="0.018288850784301758" />
    <testcase classname="LFSR_test" name="run_test_073" ratio_time="75857508860891.16" sim_time_ns="1391000000000.0" time="0.018337011337280273" />
    <testcase classname="LFSR_test" name="run_test_074" ratio_time="75560810537085.72" sim_time_ns="1391000000000.0" time="0.018409013748168945" />
    <testcase classname="LFSR_test" name="run_test_075" ratio_time="74837759129799.0" sim_time_ns="1391000000000.0" time="0.01858687400817871" />
    <testcase classname="LFSR_test" name="run_test_076" ratio_time="76202302208638.64" sim_time_ns="1391000000000.0" time="0.01825404167175293" />
    <testcase classname="LFSR_test" name="run_test_077" ratio_time="76504069760428.0" sim_time_ns="1391000000000.0" time="0.018182039260864258" />
    <testcase classname="LFSR_test" name="run_test_078" ratio_time="75381175807847.84" sim_time_ns="1391000000000.0" time="0.018452882766723633" />
    <testcase classname="LFSR_test" name="run_test_079" ratio_time="75523641946382.58" sim_time_ns="1391000000000.0" time="0.018418073654174805" />
    <testcase classname="LFSR_test" name="run_test_080" ratio_time="70057840774274.12" sim_time_ns="1391000000000.0" time="0.019855022430419922" />
    <testcase classname="LFSR_test" name="run_test_081" ratio_time="73796492037592.17" sim_time_ns="1391000000000.0" time="0.01884913444519043" />
    <testcase classname="LFSR_test" name="run_test_082" ratio_time="70118463380044.71" sim_time_ns="1391000000000.0" time="0.01983785629272461" />
    <testcase classname="LFSR_test" name="run_test_083" ratio_time="76065199462849.25" sim_time_ns="1391000000000.0" time="0.018286943435668945" />
    <testcase classname="LFSR_test" name="run_test_084" ratio_time="75919696856131.58" sim_time_ns="1391000000000.0" time="0.018321990966796875" />
    <testcase classname="LFSR_test" name="run_test_085" ratio_time="74048443508059.39" sim_time_ns="1391000000000.0" time="0.01878499984741211" />
    <testcase classname="LFSR_test" name="run_test_086" ratio_time="68765565385476.7" sim_time_ns="1391000000000.0" time="0.020228147506713867" />
    <testcase classname="LFSR_test" name="run_test_087" ratio_time="72210865325824.62" sim_time_ns="1391000000000.0" time="0.019263029098510742" />
    <testcase classname="LFSR_test" name="run_test_088" ratio_time="75902905925974.11" sim_time_ns="1391000000000.0" time="0.0183260440826416" />
    <testcase classname="LFSR_test" name="run_test_089" ratio_time="76681039153578.23" sim_time_ns="1391000000000.0" time="0.018140077590942383" />
    <testcase classname="LFSR_test" name="run_test_090" ratio_time="74836799179066.19" sim_time_ns="1391000000000.0" time="0.018587112426757812" />
    <testcase classname="LFSR_test" name="run_test_091" ratio_time="75817092005405.97" sim_time_ns="1391000000000.0" time="0.018346786499023438" />
    <testcase classname="LFSR_test" name="run_test_092" ratio_time="77124006768189.52" sim_time_ns="1391000000000.0" time="0.018035888671875" />
    <testcase classname="LFSR_test" name="run_test_093" ratio_time="76331909829523.89" sim_time_ns="1391000000000.0" time="0.018223047256469727" />
    <testcase classname="LFSR_test" name="run_test_094" ratio_time="76613573694715.83" sim_time_ns="1391000000000.0" time="0.018156051635742188" />
    <testcase classname="LFSR_test" name="run_test_095" ratio_time="76621623030048.33" sim_time_ns="1391000000000.0" time="0.018154144287109375" />
    <testcase classname="LFSR_test" name="run_test_096" ratio_time="76910502043291.4" sim_time_ns="1391000000000.0" time="0.018085956573486328" />
    <testcase classname="LFSR_test" name="run_test_097" ratio_time="76306951058097.25" sim_time_ns="1391000000000.0" time="0.018229007720947266" />
    <testcase classname="LFSR_test" name="run_test_098" ratio_time="76474988386420.23" sim_time_ns="1391000000000.0" time="0.018188953399658203" />
    <testcase classname="LFSR_test" name="run_test_099" ratio_time="76127728594170.0" sim_time_ns="1391000000000.0" time="0.018271923065185547" />
    <testcase classname="LFSR_test" name="run_test_100" ratio_time="76995761923614.95" sim_time_ns="1391000000000.0" time="0.018065929412841797" />
  </testsuite>
</testsuites>
